[LOG] SystemI::init                            : FMOD Studio Version: 00010814 (80900)
[LOG] SystemI::init                            : maxchannels = 1024, flags = 00030000, extradriverdata = 0000000000000000
[LOG] SystemI::close                           : 
[LOG] SystemI::close                           : Stop all sounds
[LOG] SystemI::close                           : done.

[LOG] OutputWASAPI::init                       : Mix Format (WAVEFORMATEX): wFormatTag=0xFFFE, nChannels=2, nSamplesPerSec=48000, nAvgBytesPerSec=384000, nBlockAlign=8, wBitsPerSample=32, cbSize=22.
[LOG] OutputWASAPI::init                       : Mix Format (WAVEFORMATEXTENSIBLE): wValidBitsPerSample=32, dwChannelMask=0x00000003, SubFormat=00000003-0000-0010-8000-00AA00389B71.
[LOG] OutputWASAPI::init                       : Output buffer size: 4096 samples, latency: 18.67ms, period: 10.00ms, DSP buffer: 1024 * 4
[LOG] Thread::initThread                       : Initializing FMOD mixer thread.  priority 3
[LOG] Thread::initThread                       : - Stacksize 49152.  Stack pointer 0000000000000000 : usesemaphore = 0 : sleeptime = 0
[LOG] Thread::callback                         : * FMOD mixer thread started
[LOG] SystemI::init                            : Set up emulated output
[LOG] SystemI::init                            : create the channel pool
[LOG] Thread::initThread                       : Initializing FMOD stream thread.  priority 2
[LOG] Thread::initThread                       : - Stacksize 65536.  Stack pointer 0000000000000000 : usesemaphore = 0 : sleeptime = 10
[LOG] Thread::callback                         : * FMOD stream thread started
[LOG] Thread::initThread                       : Initializing FMOD Studio update thread.  priority 0
[LOG] Thread::initThread                       : - Stacksize 65536.  Stack pointer 0000000000000000 : usesemaphore = 0 : sleeptime = 1
[LOG] Thread::callback                         : * FMOD Studio update thread started
[LOG] Thread::initThread                       : Initializing FMOD Studio sample load thread.  priority 0
[LOG] Thread::initThread                       : - Stacksize 65536.  Stack pointer 0000000000000000 : usesemaphore = 0 : sleeptime = 1
[LOG] Thread::callback                         : * FMOD Studio sample load thread started
[LOG] LiveUpdate::init                         : 
[LOG] Thread::initThread                       : Initializing FMOD Studio bank load thread.  priority 0
[LOG] Thread::initThread                       : - Stacksize 65536.  Stack pointer 0000000000000000 : usesemaphore = 0 : sleeptime = 1
[LOG] Thread::callback                         : * FMOD Studio bank load thread started
[LOG] Profile::init                            : Profiler listening on port: 9264
[LOG] Manager::readBank                        : fileversion = 80, compatVersion = 70 (oldest = 44, newest = 80)
[LOG] Manager::readBank                        : fileversion = 80, compatVersion = 70 (oldest = 44, newest = 80)
[LOG] PlaybackSystem::acquireMasterBus         : Setting master channel group format to 6
[LOG] SystemI::createSound                     : filename = KidAndBotFmod\KidAndBot\Build\Desktop/Master Bank.bank : mode 02010082
[LOG] SystemI::createSound                     : FMOD_NONBLOCKING specified.  Putting into queue to be opened asynchronously!
[LOG] Thread::initThread                       : Initializing FMOD nonblocking thread (0).  priority 1
[LOG] Thread::initThread                       : - Stacksize 81920.  Stack pointer 0000000000000000 : usesemaphore = 1 : sleeptime = 0
[LOG] Thread::callback                         : * FMOD nonblocking thread (0) started
[LOG] SystemI::createSound                     : setdata soundi = 0000000000466BB8 : node = 000000000E424350
[LOG] SystemI::createSound                     : add node to async list : head = 0000000023D44418.  list count = 0
[LOG] AsyncThread::threadFunc                  : Starting Asynchronous operation on sound 0000000000466BB8
[LOG] SystemI::createSoundInternal             :     filename = KidAndBotFmod\KidAndBot\Build\Desktop/Master Bank.bank : mode 02010082
[LOG] SystemI::createSoundInternal             :     exinfo->cbsize             = 232
[LOG] SystemI::createSoundInternal             :     exinfo->length             = 224224
[LOG] SystemI::createSoundInternal             :     exinfo->fileoffset         = 10464
[LOG] SystemI::createSoundInternal             :     exinfo->numsubsounds       = 1
[LOG] SystemI::createSoundInternal             :     exinfo->inclusionlist      = 000000000E424468
[LOG] SystemI::createSoundInternal             :     exinfo->inclusionlistnum   = 1
[LOG] SystemI::createSoundInternal             :     exinfo->suggestedsoundtype = 5
[LOG] SystemI::createSoundInternal             :     exinfo->initialseekposition = 8800
[LOG] SystemI::createSoundInternal             :     exinfo->initialseekpostype = 1
[LOG] SystemI::createSoundInternal             :     Format has 1 subsounds.
[LOG] SystemI::createSoundInternal             :     Create as FMOD_CREATESTREAM
[LOG] System::createSoundInternal              :     decode buffersize = 19200 : blocksize = 256 : format = 2
[LOG] SystemI::createSample                    :     mode 02010082 length 19200 samples, lengthbytes 223936
[LOG] SystemI::createSample                    :     channels = 2
[LOG] SystemI::createSample                    :     output = 000000002901ADB8
[LOG] OutputSoftware::createSample             :     lengthpcm 19200, lengthbytes 223936, channels 2, format 2, freq 48000, mode 0201008a
[LOG] System::createSoundInternal              :     1 subsounds detected.
[LOG] System::createSoundInternal              :     Seek stream to start
[LOG] System::createSoundInternal              :     flush stream buffer
[LOG] System::createSoundInternal              :     flush successful.
[LOG] System::createSoundInternal              :     switch file handle from small blocking single buffered to large nonblocking doublebuffered.
[LOG] Thread::initThread                       :         Initializing FMOD file thread.  priority 1
[LOG] Thread::initThread                       :         - Stacksize 16384.  Stack pointer 0000000000000000 : usesemaphore = 0 : sleeptime = 10
[LOG] Thread::callback                         :         * FMOD file thread started
[LOG] SystemI::createSoundInternal             :     done.  OpenState now = FMOD_OPENSTATE_READY.

[LOG] AsyncThread::threadFunc                  : Finished Asynchronous operation on sound 0000000000466BB8
[LOG] SoundI::getSubSound                      : sound 0000000000466BB8.  Subsound index 0 / 1
[LOG] SoundI::release                          : 192365__jamesrodavidson__dinosaur-footsteps-01 (0000000000466BB8)
[LOG] SoundI::release                          : remove stream samples. (0000000000466BB8)
[LOG] SoundI::release                          :     192365__jamesrodavidson__dinosaur-footsteps-01 (0000000029194158)
[LOG] SoundI::release                          : release subsounds. (0000000000466BB8)
[LOG] SoundI::release                          :     192365__jamesrodavidson__dinosaur-footsteps-01 (0000000000465B78)
[LOG] SoundI::release                          : release codec. (0000000000466BB8)
[LOG] SystemI::createSound                     : filename = KidAndBotFmod\KidAndBot\Build\Desktop/Master Bank.bank : mode 02010082
[LOG] SystemI::createSound                     : FMOD_NONBLOCKING specified.  Putting into queue to be opened asynchronously!
[LOG] SystemI::createSound                     : setdata soundi = 0000000000466BB8 : node = 000000000E423780
[LOG] SystemI::createSound                     : add node to async list : head = 0000000023D44418.  list count = 0
[LOG] AsyncThread::threadFunc                  : Starting Asynchronous operation on sound 0000000000466BB8
[LOG] SystemI::createSoundInternal             :     filename = KidAndBotFmod\KidAndBot\Build\Desktop/Master Bank.bank : mode 02010082
[LOG] SystemI::createSoundInternal             :     exinfo->cbsize             = 232
[LOG] SystemI::createSoundInternal             :     exinfo->length             = 224224
[LOG] SystemI::createSoundInternal             :     exinfo->fileoffset         = 10464
[LOG] SystemI::createSoundInternal             :     exinfo->numsubsounds       = 1
[LOG] SystemI::createSoundInternal             :     exinfo->inclusionlist      = 000000000E423898
[LOG] SystemI::createSoundInternal             :     exinfo->inclusionlistnum   = 1
[LOG] SystemI::createSoundInternal             :     exinfo->suggestedsoundtype = 5
[LOG] SystemI::createSoundInternal             :     exinfo->initialseekposition = 8800
[LOG] SystemI::createSoundInternal             :     exinfo->initialseekpostype = 1
[LOG] SystemI::createSoundInternal             :     Format has 1 subsounds.
[LOG] SystemI::createSoundInternal             :     Create as FMOD_CREATESTREAM
[LOG] System::createSoundInternal              :     decode buffersize = 19200 : blocksize = 256 : format = 2
[LOG] SystemI::createSample                    :     mode 02010082 length 19200 samples, lengthbytes 223936
[LOG] SystemI::createSample                    :     channels = 2
[LOG] SystemI::createSample                    :     output = 000000002901ADB8
[LOG] OutputSoftware::createSample             :     lengthpcm 19200, lengthbytes 223936, channels 2, format 2, freq 48000, mode 0201008a
[LOG] System::createSoundInternal              :     1 subsounds detected.
[LOG] System::createSoundInternal              :     Seek stream to start
[LOG] System::createSoundInternal              :     flush stream buffer
[LOG] System::createSoundInternal              :     flush successful.
[LOG] System::createSoundInternal              :     switch file handle from small blocking single buffered to large nonblocking doublebuffered.
[LOG] SystemI::createSoundInternal             :     done.  OpenState now = FMOD_OPENSTATE_READY.

[LOG] AsyncThread::threadFunc                  : Finished Asynchronous operation on sound 0000000000466BB8
[LOG] SoundI::getSubSound                      : sound 0000000000466BB8.  Subsound index 0 / 1
[LOG] SystemI::createSound                     : filename = KidAndBotFmod\KidAndBot\Build\Desktop/Master Bank.bank : mode 02010082
[LOG] SystemI::createSound                     : FMOD_NONBLOCKING specified.  Putting into queue to be opened asynchronously!
[LOG] SystemI::createSound                     : setdata soundi = 0000000000465698 : node = 000000000E424350
[LOG] SystemI::createSound                     : add node to async list : head = 0000000023D44418.  list count = 0
[LOG] AsyncThread::threadFunc                  : Starting Asynchronous operation on sound 0000000000465698
[LOG] SystemI::createSoundInternal             :     filename = KidAndBotFmod\KidAndBot\Build\Desktop/Master Bank.bank : mode 02010082
[LOG] SystemI::createSoundInternal             :     exinfo->cbsize             = 232
[LOG] SystemI::createSoundInternal             :     exinfo->length             = 224224
[LOG] SystemI::createSoundInternal             :     exinfo->fileoffset         = 10464
[LOG] SystemI::createSoundInternal             :     exinfo->numsubsounds       = 1
[LOG] SystemI::createSoundInternal             :     exinfo->inclusionlist      = 000000000E424468
[LOG] SystemI::createSoundInternal             :     exinfo->inclusionlistnum   = 1
[LOG] SystemI::createSoundInternal             :     exinfo->suggestedsoundtype = 5
[LOG] SystemI::createSoundInternal             :     exinfo->initialseekposition = 8800
[LOG] SystemI::createSoundInternal             :     exinfo->initialseekpostype = 1
[LOG] SystemI::createSoundInternal             :     Format has 1 subsounds.
[LOG] SystemI::createSoundInternal             :     Create as FMOD_CREATESTREAM
[LOG] System::createSoundInternal              :     decode buffersize = 19200 : blocksize = 256 : format = 2
[LOG] SystemI::createSample                    :     mode 02010082 length 19200 samples, lengthbytes 223936
[LOG] SystemI::createSample                    :     channels = 2
[LOG] SystemI::createSample                    :     output = 000000002901ADB8
[LOG] OutputSoftware::createSample             :     lengthpcm 19200, lengthbytes 223936, channels 2, format 2, freq 48000, mode 0201008a
[LOG] System::createSoundInternal              :     1 subsounds detected.
[LOG] System::createSoundInternal              :     Seek stream to start
[LOG] System::createSoundInternal              :     flush stream buffer
[LOG] System::createSoundInternal              :     flush successful.
[LOG] System::createSoundInternal              :     switch file handle from small blocking single buffered to large nonblocking doublebuffered.
[LOG] SystemI::createSoundInternal             :     done.  OpenState now = FMOD_OPENSTATE_READY.

[LOG] AsyncThread::threadFunc                  : Finished Asynchronous operation on sound 0000000000465698
[LOG] SoundI::getSubSound                      : sound 0000000000465698.  Subsound index 0 / 1
[LOG] SoundI::release                          : 192365__jamesrodavidson__dinosaur-footsteps-01 (0000000000466BB8)
[LOG] SoundI::release                          : remove stream samples. (0000000000466BB8)
[LOG] SoundI::release                          :     192365__jamesrodavidson__dinosaur-footsteps-01 (00000000291942E8)
[LOG] SoundI::release                          : release subsounds. (0000000000466BB8)
[LOG] SoundI::release                          :     192365__jamesrodavidson__dinosaur-footsteps-01 (00000000004661F8)
[LOG] SoundI::release                          : release codec. (0000000000466BB8)
[LOG] SystemI::createSound                     : filename = KidAndBotFmod\KidAndBot\Build\Desktop/Master Bank.bank : mode 02010082
[LOG] SystemI::createSound                     : FMOD_NONBLOCKING specified.  Putting into queue to be opened asynchronously!
[LOG] SystemI::createSound                     : setdata soundi = 0000000000465EB8 : node = 000000000E423780
[LOG] SystemI::createSound                     : add node to async list : head = 0000000023D44418.  list count = 0
[LOG] AsyncThread::threadFunc                  : Starting Asynchronous operation on sound 0000000000465EB8
[LOG] SystemI::createSoundInternal             :     filename = KidAndBotFmod\KidAndBot\Build\Desktop/Master Bank.bank : mode 02010082
[LOG] SystemI::createSoundInternal             :     exinfo->cbsize             = 232
[LOG] SystemI::createSoundInternal             :     exinfo->length             = 224224
[LOG] SystemI::createSoundInternal             :     exinfo->fileoffset         = 10464
[LOG] SystemI::createSoundInternal             :     exinfo->numsubsounds       = 1
[LOG] SystemI::createSoundInternal             :     exinfo->inclusionlist      = 000000000E423898
[LOG] SystemI::createSoundInternal             :     exinfo->inclusionlistnum   = 1
[LOG] SystemI::createSoundInternal             :     exinfo->suggestedsoundtype = 5
[LOG] SystemI::createSoundInternal             :     exinfo->initialseekposition = 8800
[LOG] SystemI::createSoundInternal             :     exinfo->initialseekpostype = 1
[LOG] SystemI::createSoundInternal             :     Format has 1 subsounds.
[LOG] SystemI::createSoundInternal             :     Create as FMOD_CREATESTREAM
[LOG] System::createSoundInternal              :     decode buffersize = 19200 : blocksize = 256 : format = 2
[LOG] SystemI::createSample                    :     mode 02010082 length 19200 samples, lengthbytes 223936
[LOG] SystemI::createSample                    :     channels = 2
[LOG] SystemI::createSample                    :     output = 000000002901ADB8
[LOG] OutputSoftware::createSample             :     lengthpcm 19200, lengthbytes 223936, channels 2, format 2, freq 48000, mode 0201008a
[LOG] System::createSoundInternal              :     1 subsounds detected.
[LOG] System::createSoundInternal              :     Seek stream to start
[LOG] System::createSoundInternal              :     flush stream buffer
[LOG] System::createSoundInternal              :     flush successful.
[LOG] System::createSoundInternal              :     switch file handle from small blocking single buffered to large nonblocking doublebuffered.
[LOG] SystemI::createSoundInternal             :     done.  OpenState now = FMOD_OPENSTATE_READY.

[LOG] AsyncThread::threadFunc                  : Finished Asynchronous operation on sound 0000000000465EB8
[LOG] SoundI::getSubSound                      : sound 0000000000465EB8.  Subsound index 0 / 1
[LOG] SoundI::release                          : 192365__jamesrodavidson__dinosaur-footsteps-01 (0000000000465698)
[LOG] SoundI::release                          : remove stream samples. (0000000000465698)
[LOG] SoundI::release                          :     192365__jamesrodavidson__dinosaur-footsteps-01 (0000000029194478)
[LOG] SoundI::release                          : release subsounds. (0000000000465698)
[LOG] SoundI::release                          :     192365__jamesrodavidson__dinosaur-footsteps-01 (0000000000465B78)
[LOG] SoundI::release                          : release codec. (0000000000465698)
[LOG] SystemI::createSound                     : filename = KidAndBotFmod\KidAndBot\Build\Desktop/Master Bank.bank : mode 02010082
[LOG] SystemI::createSound                     : FMOD_NONBLOCKING specified.  Putting into queue to be opened asynchronously!
[LOG] SystemI::createSound                     : setdata soundi = 00000000004661F8 : node = 000000000E424350
[LOG] SystemI::createSound                     : add node to async list : head = 0000000023D44418.  list count = 0
[LOG] AsyncThread::threadFunc                  : Starting Asynchronous operation on sound 00000000004661F8
[LOG] SystemI::createSoundInternal             :     filename = KidAndBotFmod\KidAndBot\Build\Desktop/Master Bank.bank : mode 02010082
[LOG] SystemI::createSoundInternal             :     exinfo->cbsize             = 232
[LOG] SystemI::createSoundInternal             :     exinfo->length             = 224224
[LOG] SystemI::createSoundInternal             :     exinfo->fileoffset         = 10464
[LOG] SystemI::createSoundInternal             :     exinfo->numsubsounds       = 1
[LOG] SystemI::createSoundInternal             :     exinfo->inclusionlist      = 000000000E424468
[LOG] SystemI::createSoundInternal             :     exinfo->inclusionlistnum   = 1
[LOG] SystemI::createSoundInternal             :     exinfo->suggestedsoundtype = 5
[LOG] SystemI::createSoundInternal             :     exinfo->initialseekposition = 8800
[LOG] SystemI::createSoundInternal             :     exinfo->initialseekpostype = 1
[LOG] SystemI::createSoundInternal             :     Format has 1 subsounds.
[LOG] SystemI::createSoundInternal             :     Create as FMOD_CREATESTREAM
[LOG] System::createSoundInternal              :     decode buffersize = 19200 : blocksize = 256 : format = 2
[LOG] SystemI::createSample                    :     mode 02010082 length 19200 samples, lengthbytes 223936
[LOG] SystemI::createSample                    :     channels = 2
[LOG] SystemI::createSample                    :     output = 000000002901ADB8
[LOG] OutputSoftware::createSample             :     lengthpcm 19200, lengthbytes 223936, channels 2, format 2, freq 48000, mode 0201008a
[LOG] System::createSoundInternal              :     1 subsounds detected.
[LOG] System::createSoundInternal              :     Seek stream to start
[LOG] System::createSoundInternal              :     flush stream buffer
[LOG] System::createSoundInternal              :     flush successful.
[LOG] System::createSoundInternal              :     switch file handle from small blocking single buffered to large nonblocking doublebuffered.
[LOG] SystemI::createSoundInternal             :     done.  OpenState now = FMOD_OPENSTATE_READY.

[LOG] AsyncThread::threadFunc                  : Finished Asynchronous operation on sound 00000000004661F8
[LOG] SoundI::getSubSound                      : sound 00000000004661F8.  Subsound index 0 / 1
[LOG] SoundI::release                          : 192365__jamesrodavidson__dinosaur-footsteps-01 (0000000000465EB8)
[LOG] SoundI::release                          : remove stream samples. (0000000000465EB8)
[LOG] SoundI::release                          :     192365__jamesrodavidson__dinosaur-footsteps-01 (00000000291942E8)
[LOG] SoundI::release                          : release subsounds. (0000000000465EB8)
[LOG] SoundI::release                          :     192365__jamesrodavidson__dinosaur-footsteps-01 (0000000000466BB8)
[LOG] SoundI::release                          : release codec. (0000000000465EB8)
[LOG] SystemI::createSound                     : filename = KidAndBotFmod\KidAndBot\Build\Desktop/Master Bank.bank : mode 02010082
[LOG] SystemI::createSound                     : FMOD_NONBLOCKING specified.  Putting into queue to be opened asynchronously!
[LOG] SystemI::createSound                     : setdata soundi = 0000000000465D18 : node = 000000000E423780
[LOG] SystemI::createSound                     : add node to async list : head = 0000000023D44418.  list count = 0
[LOG] AsyncThread::threadFunc                  : Starting Asynchronous operation on sound 0000000000465D18
[LOG] SystemI::createSoundInternal             :     filename = KidAndBotFmod\KidAndBot\Build\Desktop/Master Bank.bank : mode 02010082
[LOG] SystemI::createSoundInternal             :     exinfo->cbsize             = 232
[LOG] SystemI::createSoundInternal             :     exinfo->length             = 224224
[LOG] SystemI::createSoundInternal             :     exinfo->fileoffset         = 10464
[LOG] SystemI::createSoundInternal             :     exinfo->numsubsounds       = 1
[LOG] SystemI::createSoundInternal             :     exinfo->inclusionlist      = 000000000E423898
[LOG] SystemI::createSoundInternal             :     exinfo->inclusionlistnum   = 1
[LOG] SystemI::createSoundInternal             :     exinfo->suggestedsoundtype = 5
[LOG] SystemI::createSoundInternal             :     exinfo->initialseekposition = 8800
[LOG] SystemI::createSoundInternal             :     exinfo->initialseekpostype = 1
[LOG] SystemI::createSoundInternal             :     Format has 1 subsounds.
[LOG] SystemI::createSoundInternal             :     Create as FMOD_CREATESTREAM
[LOG] System::createSoundInternal              :     decode buffersize = 19200 : blocksize = 256 : format = 2
[LOG] SystemI::createSample                    :     mode 02010082 length 19200 samples, lengthbytes 223936
[LOG] SystemI::createSample                    :     channels = 2
[LOG] SystemI::createSample                    :     output = 000000002901ADB8
[LOG] OutputSoftware::createSample             :     lengthpcm 19200, lengthbytes 223936, channels 2, format 2, freq 48000, mode 0201008a
[LOG] System::createSoundInternal              :     1 subsounds detected.
[LOG] System::createSoundInternal              :     Seek stream to start
[LOG] System::createSoundInternal              :     flush stream buffer
[LOG] System::createSoundInternal              :     flush successful.
[LOG] System::createSoundInternal              :     switch file handle from small blocking single buffered to large nonblocking doublebuffered.
[LOG] SystemI::createSoundInternal             :     done.  OpenState now = FMOD_OPENSTATE_READY.

[LOG] AsyncThread::threadFunc                  : Finished Asynchronous operation on sound 0000000000465D18
[LOG] SoundI::getSubSound                      : sound 0000000000465D18.  Subsound index 0 / 1
[LOG] SoundI::release                          : 192365__jamesrodavidson__dinosaur-footsteps-01 (00000000004661F8)
[LOG] SoundI::release                          : remove stream samples. (00000000004661F8)
[LOG] SoundI::release                          :     192365__jamesrodavidson__dinosaur-footsteps-01 (0000000029194608)
[LOG] SoundI::release                          : release subsounds. (00000000004661F8)
[LOG] SoundI::release                          :     192365__jamesrodavidson__dinosaur-footsteps-01 (0000000000466D58)
[LOG] SoundI::release                          : release codec. (00000000004661F8)
[LOG] SystemI::createSound                     : filename = KidAndBotFmod\KidAndBot\Build\Desktop/Master Bank.bank : mode 02010082
[LOG] SystemI::createSound                     : FMOD_NONBLOCKING specified.  Putting into queue to be opened asynchronously!
[LOG] SystemI::createSound                     : setdata soundi = 0000000000465B78 : node = 000000000E424350
[LOG] SystemI::createSound                     : add node to async list : head = 0000000023D44418.  list count = 0
[LOG] AsyncThread::threadFunc                  : Starting Asynchronous operation on sound 0000000000465B78
[LOG] SystemI::createSoundInternal             :     filename = KidAndBotFmod\KidAndBot\Build\Desktop/Master Bank.bank : mode 02010082
[LOG] SystemI::createSoundInternal             :     exinfo->cbsize             = 232
[LOG] SystemI::createSoundInternal             :     exinfo->length             = 224224
[LOG] SystemI::createSoundInternal             :     exinfo->fileoffset         = 10464
[LOG] SystemI::createSoundInternal             :     exinfo->numsubsounds       = 1
[LOG] SystemI::createSoundInternal             :     exinfo->inclusionlist      = 000000000E424468
[LOG] SystemI::createSoundInternal             :     exinfo->inclusionlistnum   = 1
[LOG] SystemI::createSoundInternal             :     exinfo->suggestedsoundtype = 5
[LOG] SystemI::createSoundInternal             :     exinfo->initialseekposition = 8800
[LOG] SystemI::createSoundInternal             :     exinfo->initialseekpostype = 1
[LOG] SystemI::createSoundInternal             :     Format has 1 subsounds.
[LOG] SystemI::createSoundInternal             :     Create as FMOD_CREATESTREAM
[LOG] System::createSoundInternal              :     decode buffersize = 19200 : blocksize = 256 : format = 2
[LOG] SystemI::createSample                    :     mode 02010082 length 19200 samples, lengthbytes 223936
[LOG] SystemI::createSample                    :     channels = 2
[LOG] SystemI::createSample                    :     output = 000000002901ADB8
[LOG] OutputSoftware::createSample             :     lengthpcm 19200, lengthbytes 223936, channels 2, format 2, freq 48000, mode 0201008a
[LOG] System::createSoundInternal              :     1 subsounds detected.
[LOG] System::createSoundInternal              :     Seek stream to start
[LOG] System::createSoundInternal              :     flush stream buffer
[LOG] System::createSoundInternal              :     flush successful.
[LOG] System::createSoundInternal              :     switch file handle from small blocking single buffered to large nonblocking doublebuffered.
[LOG] SystemI::createSoundInternal             :     done.  OpenState now = FMOD_OPENSTATE_READY.

[LOG] AsyncThread::threadFunc                  : Finished Asynchronous operation on sound 0000000000465B78
[LOG] SoundI::getSubSound                      : sound 0000000000465B78.  Subsound index 0 / 1
[LOG] SoundI::release                          : 192365__jamesrodavidson__dinosaur-footsteps-01 (0000000000465D18)
[LOG] SoundI::release                          : remove stream samples. (0000000000465D18)
[LOG] SoundI::release                          :     192365__jamesrodavidson__dinosaur-footsteps-01 (0000000029194478)
[LOG] SoundI::release                          : release subsounds. (0000000000465D18)
[LOG] SoundI::release                          :     192365__jamesrodavidson__dinosaur-footsteps-01 (0000000000465698)
[LOG] SoundI::release                          : release codec. (0000000000465D18)
[LOG] SystemI::createSound                     : filename = KidAndBotFmod\KidAndBot\Build\Desktop/Master Bank.bank : mode 02010082
[LOG] SystemI::createSound                     : FMOD_NONBLOCKING specified.  Putting into queue to be opened asynchronously!
[LOG] SystemI::createSound                     : setdata soundi = 00000000004661F8 : node = 000000000E423780
[LOG] SystemI::createSound                     : add node to async list : head = 0000000023D44418.  list count = 0
[LOG] AsyncThread::threadFunc                  : Starting Asynchronous operation on sound 00000000004661F8
[LOG] SystemI::createSoundInternal             :     filename = KidAndBotFmod\KidAndBot\Build\Desktop/Master Bank.bank : mode 02010082
[LOG] SystemI::createSoundInternal             :     exinfo->cbsize             = 232
[LOG] SystemI::createSoundInternal             :     exinfo->length             = 224224
[LOG] SystemI::createSoundInternal             :     exinfo->fileoffset         = 10464
[LOG] SystemI::createSoundInternal             :     exinfo->numsubsounds       = 1
[LOG] SystemI::createSoundInternal             :     exinfo->inclusionlist      = 000000000E423898
[LOG] SystemI::createSoundInternal             :     exinfo->inclusionlistnum   = 1
[LOG] SystemI::createSoundInternal             :     exinfo->suggestedsoundtype = 5
[LOG] SystemI::createSoundInternal             :     exinfo->initialseekposition = 8800
[LOG] SystemI::createSoundInternal             :     exinfo->initialseekpostype = 1
[LOG] SystemI::createSoundInternal             :     Format has 1 subsounds.
[LOG] SystemI::createSoundInternal             :     Create as FMOD_CREATESTREAM
[LOG] System::createSoundInternal              :     decode buffersize = 19200 : blocksize = 256 : format = 2
[LOG] SystemI::createSample                    :     mode 02010082 length 19200 samples, lengthbytes 223936
[LOG] SystemI::createSample                    :     channels = 2
[LOG] SystemI::createSample                    :     output = 000000002901ADB8
[LOG] OutputSoftware::createSample             :     lengthpcm 19200, lengthbytes 223936, channels 2, format 2, freq 48000, mode 0201008a
[LOG] System::createSoundInternal              :     1 subsounds detected.
[LOG] System::createSoundInternal              :     Seek stream to start
[LOG] System::createSoundInternal              :     flush stream buffer
[LOG] System::createSoundInternal              :     flush successful.
[LOG] System::createSoundInternal              :     switch file handle from small blocking single buffered to large nonblocking doublebuffered.
[LOG] SystemI::createSoundInternal             :     done.  OpenState now = FMOD_OPENSTATE_READY.

[LOG] AsyncThread::threadFunc                  : Finished Asynchronous operation on sound 00000000004661F8
[LOG] SoundI::getSubSound                      : sound 00000000004661F8.  Subsound index 0 / 1
[LOG] SoundI::release                          : 192365__jamesrodavidson__dinosaur-footsteps-01 (0000000000465B78)
[LOG] SoundI::release                          : remove stream samples. (0000000000465B78)
[LOG] SoundI::release                          :     192365__jamesrodavidson__dinosaur-footsteps-01 (0000000029194608)
[LOG] SoundI::release                          : release subsounds. (0000000000465B78)
[LOG] SoundI::release                          :     192365__jamesrodavidson__dinosaur-footsteps-01 (0000000000465EB8)
[LOG] SoundI::release                          : release codec. (0000000000465B78)
[LOG] SoundI::release                          : 192365__jamesrodavidson__dinosaur-footsteps-01 (00000000004661F8)
[LOG] SoundI::release                          : remove stream samples. (00000000004661F8)
[LOG] SoundI::release                          :     192365__jamesrodavidson__dinosaur-footsteps-01 (0000000029194478)
[LOG] SoundI::release                          : release subsounds. (00000000004661F8)
[LOG] SoundI::release                          :     192365__jamesrodavidson__dinosaur-footsteps-01 (0000000000465D18)
[LOG] SoundI::release                          : release codec. (00000000004661F8)
[LOG] SystemI::createSound                     : filename = KidAndBotFmod\KidAndBot\Build\Desktop/Master Bank.bank : mode 02010082
[LOG] SystemI::createSound                     : FMOD_NONBLOCKING specified.  Putting into queue to be opened asynchronously!
[LOG] SystemI::createSound                     : setdata soundi = 0000000000465698 : node = 000000000E424350
[LOG] SystemI::createSound                     : add node to async list : head = 0000000023D44418.  list count = 0
[LOG] AsyncThread::threadFunc                  : Starting Asynchronous operation on sound 0000000000465698
[LOG] SystemI::createSoundInternal             :     filename = KidAndBotFmod\KidAndBot\Build\Desktop/Master Bank.bank : mode 02010082
[LOG] SystemI::createSoundInternal             :     exinfo->cbsize             = 232
[LOG] SystemI::createSoundInternal             :     exinfo->length             = 224224
[LOG] SystemI::createSoundInternal             :     exinfo->fileoffset         = 10464
[LOG] SystemI::createSoundInternal             :     exinfo->numsubsounds       = 1
[LOG] SystemI::createSoundInternal             :     exinfo->inclusionlist      = 000000000E424468
[LOG] SystemI::createSoundInternal             :     exinfo->inclusionlistnum   = 1
[LOG] SystemI::createSoundInternal             :     exinfo->suggestedsoundtype = 5
[LOG] SystemI::createSoundInternal             :     exinfo->initialseekposition = 8800
[LOG] SystemI::createSoundInternal             :     exinfo->initialseekpostype = 1
[LOG] SystemI::createSoundInternal             :     Format has 1 subsounds.
[LOG] SystemI::createSoundInternal             :     Create as FMOD_CREATESTREAM
[LOG] System::createSoundInternal              :     decode buffersize = 19200 : blocksize = 256 : format = 2
[LOG] SystemI::createSample                    :     mode 02010082 length 19200 samples, lengthbytes 223936
[LOG] SystemI::createSample                    :     channels = 2
[LOG] SystemI::createSample                    :     output = 000000002901ADB8
[LOG] OutputSoftware::createSample             :     lengthpcm 19200, lengthbytes 223936, channels 2, format 2, freq 48000, mode 0201008a
[LOG] System::createSoundInternal              :     1 subsounds detected.
[LOG] System::createSoundInternal              :     Seek stream to start
[LOG] System::createSoundInternal              :     flush stream buffer
[LOG] System::createSoundInternal              :     flush successful.
[LOG] System::createSoundInternal              :     switch file handle from small blocking single buffered to large nonblocking doublebuffered.
[LOG] SystemI::createSoundInternal             :     done.  OpenState now = FMOD_OPENSTATE_READY.

[LOG] AsyncThread::threadFunc                  : Finished Asynchronous operation on sound 0000000000465698
[LOG] SoundI::getSubSound                      : sound 0000000000465698.  Subsound index 0 / 1
[LOG] SystemI::createSound                     : filename = KidAndBotFmod\KidAndBot\Build\Desktop/Master Bank.bank : mode 02010082
[LOG] SystemI::createSound                     : FMOD_NONBLOCKING specified.  Putting into queue to be opened asynchronously!
[LOG] SystemI::createSound                     : setdata soundi = 0000000000466BB8 : node = 000000000E423780
[LOG] SystemI::createSound                     : add node to async list : head = 0000000023D44418.  list count = 0
[LOG] AsyncThread::threadFunc                  : Starting Asynchronous operation on sound 0000000000466BB8
[LOG] SystemI::createSoundInternal             :     filename = KidAndBotFmod\KidAndBot\Build\Desktop/Master Bank.bank : mode 02010082
[LOG] SystemI::createSoundInternal             :     exinfo->cbsize             = 232
[LOG] SystemI::createSoundInternal             :     exinfo->length             = 224224
[LOG] SystemI::createSoundInternal             :     exinfo->fileoffset         = 10464
[LOG] SystemI::createSoundInternal             :     exinfo->numsubsounds       = 1
[LOG] SystemI::createSoundInternal             :     exinfo->inclusionlist      = 000000000E423898
[LOG] SystemI::createSoundInternal             :     exinfo->inclusionlistnum   = 1
[LOG] SystemI::createSoundInternal             :     exinfo->suggestedsoundtype = 5
[LOG] SystemI::createSoundInternal             :     exinfo->initialseekposition = 8800
[LOG] SystemI::createSoundInternal             :     exinfo->initialseekpostype = 1
[LOG] SystemI::createSoundInternal             :     Format has 1 subsounds.
[LOG] SystemI::createSoundInternal             :     Create as FMOD_CREATESTREAM
[LOG] System::createSoundInternal              :     decode buffersize = 19200 : blocksize = 256 : format = 2
[LOG] SystemI::createSample                    :     mode 02010082 length 19200 samples, lengthbytes 223936
[LOG] SystemI::createSample                    :     channels = 2
[LOG] SystemI::createSample                    :     output = 000000002901ADB8
[LOG] OutputSoftware::createSample             :     lengthpcm 19200, lengthbytes 223936, channels 2, format 2, freq 48000, mode 0201008a
[LOG] System::createSoundInternal              :     1 subsounds detected.
[LOG] System::createSoundInternal              :     Seek stream to start
[LOG] System::createSoundInternal              :     flush stream buffer
[LOG] System::createSoundInternal              :     flush successful.
[LOG] System::createSoundInternal              :     switch file handle from small blocking single buffered to large nonblocking doublebuffered.
[LOG] SystemI::createSoundInternal             :     done.  OpenState now = FMOD_OPENSTATE_READY.

[LOG] AsyncThread::threadFunc                  : Finished Asynchronous operation on sound 0000000000466BB8
[LOG] SoundI::getSubSound                      : sound 0000000000466BB8.  Subsound index 0 / 1
[LOG] SoundI::release                          : 192365__jamesrodavidson__dinosaur-footsteps-01 (0000000000465698)
[LOG] SoundI::release                          : remove stream samples. (0000000000465698)
[LOG] SoundI::release                          :     192365__jamesrodavidson__dinosaur-footsteps-01 (00000000291942E8)
[LOG] SoundI::release                          : release subsounds. (0000000000465698)
[LOG] SoundI::release                          :     192365__jamesrodavidson__dinosaur-footsteps-01 (0000000000465B78)
[LOG] SoundI::release                          : release codec. (0000000000465698)
[LOG] SystemI::createSound                     : filename = KidAndBotFmod\KidAndBot\Build\Desktop/Master Bank.bank : mode 02010082
[LOG] SystemI::createSound                     : FMOD_NONBLOCKING specified.  Putting into queue to be opened asynchronously!
[LOG] SystemI::createSound                     : setdata soundi = 0000000000465698 : node = 000000000E424350
[LOG] SystemI::createSound                     : add node to async list : head = 0000000023D44418.  list count = 0
[LOG] AsyncThread::threadFunc                  : Starting Asynchronous operation on sound 0000000000465698
[LOG] SystemI::createSoundInternal             :     filename = KidAndBotFmod\KidAndBot\Build\Desktop/Master Bank.bank : mode 02010082
[LOG] SystemI::createSoundInternal             :     exinfo->cbsize             = 232
[LOG] SystemI::createSoundInternal             :     exinfo->length             = 224224
[LOG] SystemI::createSoundInternal             :     exinfo->fileoffset         = 10464
[LOG] SystemI::createSoundInternal             :     exinfo->numsubsounds       = 1
[LOG] SystemI::createSoundInternal             :     exinfo->inclusionlist      = 000000000E424468
[LOG] SystemI::createSoundInternal             :     exinfo->inclusionlistnum   = 1
[LOG] SystemI::createSoundInternal             :     exinfo->suggestedsoundtype = 5
[LOG] SystemI::createSoundInternal             :     exinfo->initialseekposition = 8800
[LOG] SystemI::createSoundInternal             :     exinfo->initialseekpostype = 1
[LOG] SystemI::createSoundInternal             :     Format has 1 subsounds.
[LOG] SystemI::createSoundInternal             :     Create as FMOD_CREATESTREAM
[LOG] System::createSoundInternal              :     decode buffersize = 19200 : blocksize = 256 : format = 2
[LOG] SystemI::createSample                    :     mode 02010082 length 19200 samples, lengthbytes 223936
[LOG] SystemI::createSample                    :     channels = 2
[LOG] SystemI::createSample                    :     output = 000000002901ADB8
[LOG] OutputSoftware::createSample             :     lengthpcm 19200, lengthbytes 223936, channels 2, format 2, freq 48000, mode 0201008a
[LOG] System::createSoundInternal              :     1 subsounds detected.
[LOG] System::createSoundInternal              :     Seek stream to start
[LOG] System::createSoundInternal              :     flush stream buffer
[LOG] System::createSoundInternal              :     flush successful.
[LOG] System::createSoundInternal              :     switch file handle from small blocking single buffered to large nonblocking doublebuffered.
[LOG] SystemI::createSoundInternal             :     done.  OpenState now = FMOD_OPENSTATE_READY.

[LOG] AsyncThread::threadFunc                  : Finished Asynchronous operation on sound 0000000000465698
[LOG] SoundI::getSubSound                      : sound 0000000000465698.  Subsound index 0 / 1
[LOG] SoundI::release                          : 192365__jamesrodavidson__dinosaur-footsteps-01 (0000000000466BB8)
[LOG] SoundI::release                          : remove stream samples. (0000000000466BB8)
[LOG] SoundI::release                          :     192365__jamesrodavidson__dinosaur-footsteps-01 (0000000029194158)
[LOG] SoundI::release                          : release subsounds. (0000000000466BB8)
[LOG] SoundI::release                          :     192365__jamesrodavidson__dinosaur-footsteps-01 (0000000000466D58)
[LOG] SoundI::release                          : release codec. (0000000000466BB8)
[LOG] SystemI::createSound                     : filename = KidAndBotFmod\KidAndBot\Build\Desktop/Master Bank.bank : mode 02010082
[LOG] SystemI::createSound                     : FMOD_NONBLOCKING specified.  Putting into queue to be opened asynchronously!
[LOG] SystemI::createSound                     : setdata soundi = 0000000000466BB8 : node = 000000000E423780
[LOG] SystemI::createSound                     : add node to async list : head = 0000000023D44418.  list count = 0
[LOG] AsyncThread::threadFunc                  : Starting Asynchronous operation on sound 0000000000466BB8
[LOG] SystemI::createSoundInternal             :     filename = KidAndBotFmod\KidAndBot\Build\Desktop/Master Bank.bank : mode 02010082
[LOG] SystemI::createSoundInternal             :     exinfo->cbsize             = 232
[LOG] SystemI::createSoundInternal             :     exinfo->length             = 224224
[LOG] SystemI::createSoundInternal             :     exinfo->fileoffset         = 10464
[LOG] SystemI::createSoundInternal             :     exinfo->numsubsounds       = 1
[LOG] SystemI::createSoundInternal             :     exinfo->inclusionlist      = 000000000E423898
[LOG] SystemI::createSoundInternal             :     exinfo->inclusionlistnum   = 1
[LOG] SystemI::createSoundInternal             :     exinfo->suggestedsoundtype = 5
[LOG] SystemI::createSoundInternal             :     exinfo->initialseekposition = 8800
[LOG] SystemI::createSoundInternal             :     exinfo->initialseekpostype = 1
[LOG] SystemI::createSoundInternal             :     Format has 1 subsounds.
[LOG] SystemI::createSoundInternal             :     Create as FMOD_CREATESTREAM
[LOG] System::createSoundInternal              :     decode buffersize = 19200 : blocksize = 256 : format = 2
[LOG] SystemI::createSample                    :     mode 02010082 length 19200 samples, lengthbytes 223936
[LOG] SystemI::createSample                    :     channels = 2
[LOG] SystemI::createSample                    :     output = 000000002901ADB8
[LOG] OutputSoftware::createSample             :     lengthpcm 19200, lengthbytes 223936, channels 2, format 2, freq 48000, mode 0201008a
[LOG] System::createSoundInternal              :     1 subsounds detected.
[LOG] System::createSoundInternal              :     Seek stream to start
[LOG] System::createSoundInternal              :     flush stream buffer
[LOG] System::createSoundInternal              :     flush successful.
[LOG] System::createSoundInternal              :     switch file handle from small blocking single buffered to large nonblocking doublebuffered.
[LOG] SystemI::createSoundInternal             :     done.  OpenState now = FMOD_OPENSTATE_READY.

[LOG] AsyncThread::threadFunc                  : Finished Asynchronous operation on sound 0000000000466BB8
[LOG] SoundI::getSubSound                      : sound 0000000000466BB8.  Subsound index 0 / 1
[LOG] SoundI::release                          : 192365__jamesrodavidson__dinosaur-footsteps-01 (0000000000465698)
[LOG] SoundI::release                          : remove stream samples. (0000000000465698)
[LOG] SoundI::release                          :     192365__jamesrodavidson__dinosaur-footsteps-01 (00000000291942E8)
[LOG] SoundI::release                          : release subsounds. (0000000000465698)
[LOG] SoundI::release                          :     192365__jamesrodavidson__dinosaur-footsteps-01 (0000000000465B78)
[LOG] SoundI::release                          : release codec. (0000000000465698)
[LOG] SystemI::createSound                     : filename = KidAndBotFmod\KidAndBot\Build\Desktop/Master Bank.bank : mode 02010082
[LOG] SystemI::createSound                     : FMOD_NONBLOCKING specified.  Putting into queue to be opened asynchronously!
[LOG] SystemI::createSound                     : setdata soundi = 0000000000466D58 : node = 000000000E424350
[LOG] SystemI::createSound                     : add node to async list : head = 0000000023D44418.  list count = 0
[LOG] AsyncThread::threadFunc                  : Starting Asynchronous operation on sound 0000000000466D58
[LOG] SystemI::createSoundInternal             :     filename = KidAndBotFmod\KidAndBot\Build\Desktop/Master Bank.bank : mode 02010082
[LOG] SystemI::createSoundInternal             :     exinfo->cbsize             = 232
[LOG] SystemI::createSoundInternal             :     exinfo->length             = 224224
[LOG] SystemI::createSoundInternal             :     exinfo->fileoffset         = 10464
[LOG] SystemI::createSoundInternal             :     exinfo->numsubsounds       = 1
[LOG] SystemI::createSoundInternal             :     exinfo->inclusionlist      = 000000000E424468
[LOG] SystemI::createSoundInternal             :     exinfo->inclusionlistnum   = 1
[LOG] SystemI::createSoundInternal             :     exinfo->suggestedsoundtype = 5
[LOG] SystemI::createSoundInternal             :     exinfo->initialseekposition = 8800
[LOG] SystemI::createSoundInternal             :     exinfo->initialseekpostype = 1
[LOG] SystemI::createSoundInternal             :     Format has 1 subsounds.
[LOG] SystemI::createSoundInternal             :     Create as FMOD_CREATESTREAM
[LOG] System::createSoundInternal              :     decode buffersize = 19200 : blocksize = 256 : format = 2
[LOG] SystemI::createSample                    :     mode 02010082 length 19200 samples, lengthbytes 223936
[LOG] SystemI::createSample                    :     channels = 2
[LOG] SystemI::createSample                    :     output = 000000002901ADB8
[LOG] OutputSoftware::createSample             :     lengthpcm 19200, lengthbytes 223936, channels 2, format 2, freq 48000, mode 0201008a
[LOG] System::createSoundInternal              :     1 subsounds detected.
[LOG] System::createSoundInternal              :     Seek stream to start
[LOG] System::createSoundInternal              :     flush stream buffer
[LOG] System::createSoundInternal              :     flush successful.
[LOG] System::createSoundInternal              :     switch file handle from small blocking single buffered to large nonblocking doublebuffered.
[LOG] SystemI::createSoundInternal             :     done.  OpenState now = FMOD_OPENSTATE_READY.

[LOG] AsyncThread::threadFunc                  : Finished Asynchronous operation on sound 0000000000466D58
[LOG] SoundI::getSubSound                      : sound 0000000000466D58.  Subsound index 0 / 1
[LOG] SoundI::release                          : 192365__jamesrodavidson__dinosaur-footsteps-01 (0000000000466BB8)
[LOG] SoundI::release                          : remove stream samples. (0000000000466BB8)
[LOG] SoundI::release                          :     192365__jamesrodavidson__dinosaur-footsteps-01 (0000000029194158)
[LOG] SoundI::release                          : release subsounds. (0000000000466BB8)
[LOG] SoundI::release                          :     192365__jamesrodavidson__dinosaur-footsteps-01 (00000000004661F8)
[LOG] SoundI::release                          : release codec. (0000000000466BB8)
[LOG] SystemI::createSound                     : filename = KidAndBotFmod\KidAndBot\Build\Desktop/Master Bank.bank : mode 02010082
[LOG] SystemI::createSound                     : FMOD_NONBLOCKING specified.  Putting into queue to be opened asynchronously!
[LOG] SystemI::createSound                     : setdata soundi = 0000000000465B78 : node = 000000000E423780
[LOG] SystemI::createSound                     : add node to async list : head = 0000000023D44418.  list count = 0
[LOG] AsyncThread::threadFunc                  : Starting Asynchronous operation on sound 0000000000465B78
[LOG] SystemI::createSoundInternal             :     filename = KidAndBotFmod\KidAndBot\Build\Desktop/Master Bank.bank : mode 02010082
[LOG] SystemI::createSoundInternal             :     exinfo->cbsize             = 232
[LOG] SystemI::createSoundInternal             :     exinfo->length             = 224224
[LOG] SystemI::createSoundInternal             :     exinfo->fileoffset         = 10464
[LOG] SystemI::createSoundInternal             :     exinfo->numsubsounds       = 1
[LOG] SystemI::createSoundInternal             :     exinfo->inclusionlist      = 000000000E423898
[LOG] SystemI::createSoundInternal             :     exinfo->inclusionlistnum   = 1
[LOG] SystemI::createSoundInternal             :     exinfo->suggestedsoundtype = 5
[LOG] SystemI::createSoundInternal             :     exinfo->initialseekposition = 8800
[LOG] SystemI::createSoundInternal             :     exinfo->initialseekpostype = 1
[LOG] SystemI::createSoundInternal             :     Format has 1 subsounds.
[LOG] SystemI::createSoundInternal             :     Create as FMOD_CREATESTREAM
[LOG] System::createSoundInternal              :     decode buffersize = 19200 : blocksize = 256 : format = 2
[LOG] SystemI::createSample                    :     mode 02010082 length 19200 samples, lengthbytes 223936
[LOG] SystemI::createSample                    :     channels = 2
[LOG] SystemI::createSample                    :     output = 000000002901ADB8
[LOG] OutputSoftware::createSample             :     lengthpcm 19200, lengthbytes 223936, channels 2, format 2, freq 48000, mode 0201008a
[LOG] System::createSoundInternal              :     1 subsounds detected.
[LOG] System::createSoundInternal              :     Seek stream to start
[LOG] System::createSoundInternal              :     flush stream buffer
[LOG] System::createSoundInternal              :     flush successful.
[LOG] System::createSoundInternal              :     switch file handle from small blocking single buffered to large nonblocking doublebuffered.
[LOG] SystemI::createSoundInternal             :     done.  OpenState now = FMOD_OPENSTATE_READY.

[LOG] AsyncThread::threadFunc                  : Finished Asynchronous operation on sound 0000000000465B78
[LOG] SoundI::getSubSound                      : sound 0000000000465B78.  Subsound index 0 / 1
[LOG] SystemI::createSound                     : filename = KidAndBotFmod\KidAndBot\Build\Desktop/Master Bank.bank : mode 02010082
[LOG] SystemI::createSound                     : FMOD_NONBLOCKING specified.  Putting into queue to be opened asynchronously!
[LOG] SystemI::createSound                     : setdata soundi = 0000000000466BB8 : node = 000000002A627450
[LOG] SystemI::createSound                     : add node to async list : head = 0000000023D44418.  list count = 0
[LOG] AsyncThread::threadFunc                  : Starting Asynchronous operation on sound 0000000000466BB8
[LOG] SystemI::createSoundInternal             :     filename = KidAndBotFmod\KidAndBot\Build\Desktop/Master Bank.bank : mode 02010082
[LOG] SystemI::createSoundInternal             :     exinfo->cbsize             = 232
[LOG] SystemI::createSoundInternal             :     exinfo->length             = 224224
[LOG] SystemI::createSoundInternal             :     exinfo->fileoffset         = 10464
[LOG] SystemI::createSoundInternal             :     exinfo->numsubsounds       = 1
[LOG] SystemI::createSoundInternal             :     exinfo->inclusionlist      = 000000002A627568
[LOG] SystemI::createSoundInternal             :     exinfo->inclusionlistnum   = 1
[LOG] SystemI::createSoundInternal             :     exinfo->suggestedsoundtype = 5
[LOG] SystemI::createSoundInternal             :     exinfo->initialseekposition = 8800
[LOG] SystemI::createSoundInternal             :     exinfo->initialseekpostype = 1
[LOG] SystemI::createSoundInternal             :     Format has 1 subsounds.
[LOG] SystemI::createSoundInternal             :     Create as FMOD_CREATESTREAM
[LOG] System::createSoundInternal              :     decode buffersize = 19200 : blocksize = 256 : format = 2
[LOG] SystemI::createSample                    :     mode 02010082 length 19200 samples, lengthbytes 223936
[LOG] SystemI::createSample                    :     channels = 2
[LOG] SystemI::createSample                    :     output = 000000002901ADB8
[LOG] OutputSoftware::createSample             :     lengthpcm 19200, lengthbytes 223936, channels 2, format 2, freq 48000, mode 0201008a
[LOG] System::createSoundInternal              :     1 subsounds detected.
[LOG] System::createSoundInternal              :     Seek stream to start
[LOG] System::createSoundInternal              :     flush stream buffer
[LOG] System::createSoundInternal              :     flush successful.
[LOG] System::createSoundInternal              :     switch file handle from small blocking single buffered to large nonblocking doublebuffered.
[LOG] SystemI::createSoundInternal             :     done.  OpenState now = FMOD_OPENSTATE_READY.

[LOG] AsyncThread::threadFunc                  : Finished Asynchronous operation on sound 0000000000466BB8
[LOG] SoundI::getSubSound                      : sound 0000000000466BB8.  Subsound index 0 / 1
[LOG] SoundI::release                          : 192365__jamesrodavidson__dinosaur-footsteps-01 (0000000000466D58)
[LOG] SoundI::release                          : remove stream samples. (0000000000466D58)
[LOG] SoundI::release                          :     192365__jamesrodavidson__dinosaur-footsteps-01 (0000000029194478)
[LOG] SoundI::release                          : release subsounds. (0000000000466D58)
[LOG] SoundI::release                          :     192365__jamesrodavidson__dinosaur-footsteps-01 (0000000000465698)
[LOG] SoundI::release                          : release codec. (0000000000466D58)
[LOG] SoundI::release                          : 192365__jamesrodavidson__dinosaur-footsteps-01 (0000000000465B78)
[LOG] SoundI::release                          : remove stream samples. (0000000000465B78)
[LOG] SoundI::release                          :     192365__jamesrodavidson__dinosaur-footsteps-01 (0000000029194158)
[LOG] SoundI::release                          : release subsounds. (0000000000465B78)
[LOG] SoundI::release                          :     192365__jamesrodavidson__dinosaur-footsteps-01 (0000000000465D18)
[LOG] SoundI::release                          : release codec. (0000000000465B78)
[LOG] SoundI::release                          : 192365__jamesrodavidson__dinosaur-footsteps-01 (0000000000466BB8)
[LOG] SoundI::release                          : remove stream samples. (0000000000466BB8)
[LOG] SoundI::release                          :     192365__jamesrodavidson__dinosaur-footsteps-01 (00000000291942E8)
[LOG] SoundI::release                          : release subsounds. (0000000000466BB8)
[LOG] SoundI::release                          :     192365__jamesrodavidson__dinosaur-footsteps-01 (0000000000465EB8)
[LOG] SoundI::release                          : release codec. (0000000000466BB8)
[LOG] SystemI::createSound                     : filename = KidAndBotFmod\KidAndBot\Build\Desktop/Master Bank.bank : mode 02010082
[LOG] SystemI::createSound                     : FMOD_NONBLOCKING specified.  Putting into queue to be opened asynchronously!
[LOG] SystemI::createSound                     : setdata soundi = 0000000000465698 : node = 000000000E424350
[LOG] SystemI::createSound                     : add node to async list : head = 0000000023D44418.  list count = 0
[LOG] AsyncThread::threadFunc                  : Starting Asynchronous operation on sound 0000000000465698
[LOG] SystemI::createSoundInternal             :     filename = KidAndBotFmod\KidAndBot\Build\Desktop/Master Bank.bank : mode 02010082
[LOG] SystemI::createSoundInternal             :     exinfo->cbsize             = 232
[LOG] SystemI::createSoundInternal             :     exinfo->length             = 224224
[LOG] SystemI::createSoundInternal             :     exinfo->fileoffset         = 10464
[LOG] SystemI::createSoundInternal             :     exinfo->numsubsounds       = 1
[LOG] SystemI::createSoundInternal             :     exinfo->inclusionlist      = 000000000E424468
[LOG] SystemI::createSoundInternal             :     exinfo->inclusionlistnum   = 1
[LOG] SystemI::createSoundInternal             :     exinfo->suggestedsoundtype = 5
[LOG] SystemI::createSoundInternal             :     exinfo->initialseekposition = 8800
[LOG] SystemI::createSoundInternal             :     exinfo->initialseekpostype = 1
[LOG] SystemI::createSoundInternal             :     Format has 1 subsounds.
[LOG] SystemI::createSoundInternal             :     Create as FMOD_CREATESTREAM
[LOG] System::createSoundInternal              :     decode buffersize = 19200 : blocksize = 256 : format = 2
[LOG] SystemI::createSample                    :     mode 02010082 length 19200 samples, lengthbytes 223936
[LOG] SystemI::createSample                    :     channels = 2
[LOG] SystemI::createSample                    :     output = 000000002901ADB8
[LOG] OutputSoftware::createSample             :     lengthpcm 19200, lengthbytes 223936, channels 2, format 2, freq 48000, mode 0201008a
[LOG] System::createSoundInternal              :     1 subsounds detected.
[LOG] System::createSoundInternal              :     Seek stream to start
[LOG] System::createSoundInternal              :     flush stream buffer
[LOG] System::createSoundInternal              :     flush successful.
[LOG] System::createSoundInternal              :     switch file handle from small blocking single buffered to large nonblocking doublebuffered.
[LOG] SystemI::createSoundInternal             :     done.  OpenState now = FMOD_OPENSTATE_READY.

[LOG] AsyncThread::threadFunc                  : Finished Asynchronous operation on sound 0000000000465698
[LOG] SoundI::getSubSound                      : sound 0000000000465698.  Subsound index 0 / 1
[LOG] SystemI::createSound                     : filename = KidAndBotFmod\KidAndBot\Build\Desktop/Master Bank.bank : mode 02010082
[LOG] SystemI::createSound                     : FMOD_NONBLOCKING specified.  Putting into queue to be opened asynchronously!
[LOG] SystemI::createSound                     : setdata soundi = 0000000000465D18 : node = 000000000E423780
[LOG] SystemI::createSound                     : add node to async list : head = 0000000023D44418.  list count = 0
[LOG] AsyncThread::threadFunc                  : Starting Asynchronous operation on sound 0000000000465D18
[LOG] SystemI::createSoundInternal             :     filename = KidAndBotFmod\KidAndBot\Build\Desktop/Master Bank.bank : mode 02010082
[LOG] SystemI::createSoundInternal             :     exinfo->cbsize             = 232
[LOG] SystemI::createSoundInternal             :     exinfo->length             = 224224
[LOG] SystemI::createSoundInternal             :     exinfo->fileoffset         = 10464
[LOG] SystemI::createSoundInternal             :     exinfo->numsubsounds       = 1
[LOG] SystemI::createSoundInternal             :     exinfo->inclusionlist      = 000000000E423898
[LOG] SystemI::createSoundInternal             :     exinfo->inclusionlistnum   = 1
[LOG] SystemI::createSoundInternal             :     exinfo->suggestedsoundtype = 5
[LOG] SystemI::createSoundInternal             :     exinfo->initialseekposition = 8800
[LOG] SystemI::createSoundInternal             :     exinfo->initialseekpostype = 1
[LOG] SystemI::createSoundInternal             :     Format has 1 subsounds.
[LOG] SystemI::createSoundInternal             :     Create as FMOD_CREATESTREAM
[LOG] System::createSoundInternal              :     decode buffersize = 19200 : blocksize = 256 : format = 2
[LOG] SystemI::createSample                    :     mode 02010082 length 19200 samples, lengthbytes 223936
[LOG] SystemI::createSample                    :     channels = 2
[LOG] SystemI::createSample                    :     output = 000000002901ADB8
[LOG] OutputSoftware::createSample             :     lengthpcm 19200, lengthbytes 223936, channels 2, format 2, freq 48000, mode 0201008a
[LOG] System::createSoundInternal              :     1 subsounds detected.
[LOG] System::createSoundInternal              :     Seek stream to start
[LOG] System::createSoundInternal              :     flush stream buffer
[LOG] System::createSoundInternal              :     flush successful.
[LOG] System::createSoundInternal              :     switch file handle from small blocking single buffered to large nonblocking doublebuffered.
[LOG] SystemI::createSoundInternal             :     done.  OpenState now = FMOD_OPENSTATE_READY.

[LOG] AsyncThread::threadFunc                  : Finished Asynchronous operation on sound 0000000000465D18
[LOG] SoundI::getSubSound                      : sound 0000000000465D18.  Subsound index 0 / 1
[LOG] SystemI::createSound                     : filename = KidAndBotFmod\KidAndBot\Build\Desktop/Master Bank.bank : mode 02010082
[LOG] SystemI::createSound                     : FMOD_NONBLOCKING specified.  Putting into queue to be opened asynchronously!
[LOG] SystemI::createSound                     : setdata soundi = 00000000004661F8 : node = 00000000294FC050
[LOG] SystemI::createSound                     : add node to async list : head = 0000000023D44418.  list count = 0
[LOG] AsyncThread::threadFunc                  : Starting Asynchronous operation on sound 00000000004661F8
[LOG] SystemI::createSoundInternal             :     filename = KidAndBotFmod\KidAndBot\Build\Desktop/Master Bank.bank : mode 02010082
[LOG] SystemI::createSoundInternal             :     exinfo->cbsize             = 232
[LOG] SystemI::createSoundInternal             :     exinfo->length             = 224224
[LOG] SystemI::createSoundInternal             :     exinfo->fileoffset         = 10464
[LOG] SystemI::createSoundInternal             :     exinfo->numsubsounds       = 1
[LOG] SystemI::createSoundInternal             :     exinfo->inclusionlist      = 00000000294FC168
[LOG] SystemI::createSoundInternal             :     exinfo->inclusionlistnum   = 1
[LOG] SystemI::createSoundInternal             :     exinfo->suggestedsoundtype = 5
[LOG] SystemI::createSoundInternal             :     exinfo->initialseekposition = 8800
[LOG] SystemI::createSoundInternal             :     exinfo->initialseekpostype = 1
[LOG] SystemI::createSoundInternal             :     Format has 1 subsounds.
[LOG] SystemI::createSoundInternal             :     Create as FMOD_CREATESTREAM
[LOG] System::createSoundInternal              :     decode buffersize = 19200 : blocksize = 256 : format = 2
[LOG] SystemI::createSample                    :     mode 02010082 length 19200 samples, lengthbytes 223936
[LOG] SystemI::createSample                    :     channels = 2
[LOG] SystemI::createSample                    :     output = 000000002901ADB8
[LOG] OutputSoftware::createSample             :     lengthpcm 19200, lengthbytes 223936, channels 2, format 2, freq 48000, mode 0201008a
[LOG] System::createSoundInternal              :     1 subsounds detected.
[LOG] System::createSoundInternal              :     Seek stream to start
[LOG] System::createSoundInternal              :     flush stream buffer
[LOG] System::createSoundInternal              :     flush successful.
[LOG] System::createSoundInternal              :     switch file handle from small blocking single buffered to large nonblocking doublebuffered.
[LOG] SystemI::createSoundInternal             :     done.  OpenState now = FMOD_OPENSTATE_READY.

[LOG] AsyncThread::threadFunc                  : Finished Asynchronous operation on sound 00000000004661F8
[LOG] SoundI::getSubSound                      : sound 00000000004661F8.  Subsound index 0 / 1
[LOG] SoundI::release                          : 192365__jamesrodavidson__dinosaur-footsteps-01 (0000000000465698)
[LOG] SoundI::release                          : remove stream samples. (0000000000465698)
[LOG] SoundI::release                          :     192365__jamesrodavidson__dinosaur-footsteps-01 (0000000029194478)
[LOG] SoundI::release                          : release subsounds. (0000000000465698)
[LOG] SoundI::release                          :     192365__jamesrodavidson__dinosaur-footsteps-01 (0000000000465B78)
[LOG] SoundI::release                          : release codec. (0000000000465698)
[LOG] SoundI::release                          : 192365__jamesrodavidson__dinosaur-footsteps-01 (0000000000465D18)
[LOG] SoundI::release                          : remove stream samples. (0000000000465D18)
[LOG] SoundI::release                          :     192365__jamesrodavidson__dinosaur-footsteps-01 (0000000029194608)
[LOG] SoundI::release                          : release subsounds. (0000000000465D18)
[LOG] SoundI::release                          :     192365__jamesrodavidson__dinosaur-footsteps-01 (0000000000465EB8)
[LOG] SoundI::release                          : release codec. (0000000000465D18)
[LOG] SystemI::createSound                     : filename = KidAndBotFmod\KidAndBot\Build\Desktop/Master Bank.bank : mode 02010082
[LOG] SystemI::createSound                     : FMOD_NONBLOCKING specified.  Putting into queue to be opened asynchronously!
[LOG] SystemI::createSound                     : setdata soundi = 0000000000466D58 : node = 00000000294FB480
[LOG] SystemI::createSound                     : add node to async list : head = 0000000023D44418.  list count = 0
[LOG] AsyncThread::threadFunc                  : Starting Asynchronous operation on sound 0000000000466D58
[LOG] SoundI::release                          : 192365__jamesrodavidson__dinosaur-footsteps-01 (00000000004661F8)
[LOG] SystemI::createSoundInternal             :     filename = KidAndBotFmod\KidAndBot\Build\Desktop/Master Bank.bank : mode 02010082
[LOG] SoundI::release                          :     remove stream samples. (00000000004661F8)
[LOG] SystemI::createSoundInternal             :     exinfo->cbsize             = 232
[LOG] SystemI::createSoundInternal             :         exinfo->length             = 224224
[LOG] SoundI::release                          :         192365__jamesrodavidson__dinosaur-footsteps-01 (0000000029194158)
[LOG] SystemI::createSoundInternal             :         exinfo->fileoffset         = 10464
[LOG] SoundI::release                          :     release subsounds. (00000000004661F8)
[LOG] SystemI::createSoundInternal             :     exinfo->numsubsounds       = 1
[LOG] SoundI::release                          :         192365__jamesrodavidson__dinosaur-footsteps-01 (0000000000466BB8)
[LOG] SystemI::createSoundInternal             :         exinfo->inclusionlist      = 00000000294FB598
[LOG] SoundI::release                          :     release codec. (00000000004661F8)
[LOG] SystemI::createSoundInternal             :     exinfo->inclusionlistnum   = 1
[LOG] SystemI::createSoundInternal             :     exinfo->suggestedsoundtype = 5
[LOG] SystemI::createSoundInternal             :     exinfo->initialseekposition = 8800
[LOG] SystemI::createSoundInternal             :     exinfo->initialseekpostype = 1
[LOG] SystemI::createSoundInternal             :     Format has 1 subsounds.
[LOG] SystemI::createSoundInternal             :     Create as FMOD_CREATESTREAM
[LOG] System::createSoundInternal              :     decode buffersize = 19200 : blocksize = 256 : format = 2
[LOG] SystemI::createSample                    :     mode 02010082 length 19200 samples, lengthbytes 223936
[LOG] SystemI::createSample                    :     channels = 2
[LOG] SystemI::createSample                    :     output = 000000002901ADB8
[LOG] OutputSoftware::createSample             :     lengthpcm 19200, lengthbytes 223936, channels 2, format 2, freq 48000, mode 0201008a
[LOG] System::createSoundInternal              :     1 subsounds detected.
[LOG] System::createSoundInternal              :     Seek stream to start
[LOG] System::createSoundInternal              :     flush stream buffer
[LOG] System::createSoundInternal              :     flush successful.
[LOG] System::createSoundInternal              :     switch file handle from small blocking single buffered to large nonblocking doublebuffered.
[LOG] SystemI::createSoundInternal             :     done.  OpenState now = FMOD_OPENSTATE_READY.

[LOG] AsyncThread::threadFunc                  : Finished Asynchronous operation on sound 0000000000466D58
[LOG] SoundI::getSubSound                      : sound 0000000000466D58.  Subsound index 0 / 1
[LOG] SystemI::createSound                     : filename = KidAndBotFmod\KidAndBot\Build\Desktop/Master Bank.bank : mode 02010082
[LOG] SystemI::createSound                     : FMOD_NONBLOCKING specified.  Putting into queue to be opened asynchronously!
[LOG] SystemI::createSound                     : setdata soundi = 0000000000465B78 : node = 00000000294FC590
[LOG] SystemI::createSound                     : add node to async list : head = 0000000023D44418.  list count = 0
[LOG] AsyncThread::threadFunc                  : Starting Asynchronous operation on sound 0000000000465B78
[LOG] SoundI::release                          : 192365__jamesrodavidson__dinosaur-footsteps-01 (0000000000466D58)
[LOG] SystemI::createSoundInternal             :     filename = KidAndBotFmod\KidAndBot\Build\Desktop/Master Bank.bank : mode 02010082
[LOG] SoundI::release                          :     remove stream samples. (0000000000466D58)
[LOG] SystemI::createSoundInternal             :     exinfo->cbsize             = 232
[LOG] SystemI::createSoundInternal             :         exinfo->length             = 224224
[LOG] SoundI::release                          :         192365__jamesrodavidson__dinosaur-footsteps-01 (0000000029194158)
[LOG] SystemI::createSoundInternal             :         exinfo->fileoffset         = 10464
[LOG] SoundI::release                          :     release subsounds. (0000000000466D58)
[LOG] SystemI::createSoundInternal             :     exinfo->numsubsounds       = 1
[LOG] SoundI::release                          :         192365__jamesrodavidson__dinosaur-footsteps-01 (0000000000465698)
[LOG] SystemI::createSoundInternal             :         exinfo->inclusionlist      = 00000000294FC6A8
[LOG] SoundI::release                          :     release codec. (0000000000466D58)
[LOG] SystemI::createSoundInternal             :     exinfo->inclusionlistnum   = 1
[LOG] SystemI::createSoundInternal             :     exinfo->suggestedsoundtype = 5
[LOG] SystemI::createSoundInternal             :     exinfo->initialseekposition = 8800
[LOG] SystemI::createSoundInternal             :     exinfo->initialseekpostype = 1
[LOG] SystemI::createSoundInternal             :     Format has 1 subsounds.
[LOG] SystemI::createSoundInternal             :     Create as FMOD_CREATESTREAM
[LOG] System::createSoundInternal              :     decode buffersize = 19200 : blocksize = 256 : format = 2
[LOG] SystemI::createSample                    :     mode 02010082 length 19200 samples, lengthbytes 223936
[LOG] SystemI::createSample                    :     channels = 2
[LOG] SystemI::createSample                    :     output = 000000002901ADB8
[LOG] OutputSoftware::createSample             :     lengthpcm 19200, lengthbytes 223936, channels 2, format 2, freq 48000, mode 0201008a
[LOG] System::createSoundInternal              :     1 subsounds detected.
[LOG] System::createSoundInternal              :     Seek stream to start
[LOG] System::createSoundInternal              :     flush stream buffer
[LOG] System::createSoundInternal              :     flush successful.
[LOG] System::createSoundInternal              :     switch file handle from small blocking single buffered to large nonblocking doublebuffered.
[LOG] SystemI::createSoundInternal             :     done.  OpenState now = FMOD_OPENSTATE_READY.

[LOG] AsyncThread::threadFunc                  : Finished Asynchronous operation on sound 0000000000465B78
[LOG] SoundI::getSubSound                      : sound 0000000000465B78.  Subsound index 0 / 1
[LOG] SystemI::createSound                     : filename = KidAndBotFmod\KidAndBot\Build\Desktop/Master Bank.bank : mode 02010082
[LOG] SystemI::createSound                     : FMOD_NONBLOCKING specified.  Putting into queue to be opened asynchronously!
[LOG] SystemI::createSound                     : setdata soundi = 0000000000466BB8 : node = 00000000294FB5D0
[LOG] SystemI::createSound                     : add node to async list : head = 0000000023D44418.  list count = 0
[LOG] AsyncThread::threadFunc                  : Starting Asynchronous operation on sound 0000000000466BB8
[LOG] SystemI::createSoundInternal             :     filename = KidAndBotFmod\KidAndBot\Build\Desktop/Master Bank.bank : mode 02010082
[LOG] SystemI::createSoundInternal             :     exinfo->cbsize             = 232
[LOG] SystemI::createSoundInternal             :     exinfo->length             = 224224
[LOG] SystemI::createSoundInternal             :     exinfo->fileoffset         = 10464
[LOG] SystemI::createSoundInternal             :     exinfo->numsubsounds       = 1
[LOG] SystemI::createSoundInternal             :     exinfo->inclusionlist      = 00000000294FB6E8
[LOG] SystemI::createSoundInternal             :     exinfo->inclusionlistnum   = 1
[LOG] SystemI::createSoundInternal             :     exinfo->suggestedsoundtype = 5
[LOG] SystemI::createSoundInternal             :     exinfo->initialseekposition = 8800
[LOG] SystemI::createSoundInternal             :     exinfo->initialseekpostype = 1
[LOG] SystemI::createSoundInternal             :     Format has 1 subsounds.
[LOG] SystemI::createSoundInternal             :     Create as FMOD_CREATESTREAM
[LOG] System::createSoundInternal              :     decode buffersize = 19200 : blocksize = 256 : format = 2
[LOG] SystemI::createSample                    :     mode 02010082 length 19200 samples, lengthbytes 223936
[LOG] SystemI::createSample                    :     channels = 2
[LOG] SystemI::createSample                    :     output = 000000002901ADB8
[LOG] OutputSoftware::createSample             :     lengthpcm 19200, lengthbytes 223936, channels 2, format 2, freq 48000, mode 0201008a
[LOG] System::createSoundInternal              :     1 subsounds detected.
[LOG] System::createSoundInternal              :     Seek stream to start
[LOG] System::createSoundInternal              :     flush stream buffer
[LOG] System::createSoundInternal              :     flush successful.
[LOG] System::createSoundInternal              :     switch file handle from small blocking single buffered to large nonblocking doublebuffered.
[LOG] SystemI::createSoundInternal             :     done.  OpenState now = FMOD_OPENSTATE_READY.

[LOG] AsyncThread::threadFunc                  : Finished Asynchronous operation on sound 0000000000466BB8
[LOG] SoundI::getSubSound                      : sound 0000000000466BB8.  Subsound index 0 / 1
[LOG] SoundI::release                          : 192365__jamesrodavidson__dinosaur-footsteps-01 (0000000000465B78)
[LOG] SoundI::release                          : remove stream samples. (0000000000465B78)
[LOG] SoundI::release                          :     192365__jamesrodavidson__dinosaur-footsteps-01 (0000000029194478)
[LOG] SoundI::release                          : release subsounds. (0000000000465B78)
[LOG] SoundI::release                          :     192365__jamesrodavidson__dinosaur-footsteps-01 (0000000000465D18)
[LOG] SoundI::release                          : release codec. (0000000000465B78)
[LOG] SoundI::release                          : 192365__jamesrodavidson__dinosaur-footsteps-01 (0000000000466BB8)
[LOG] SoundI::release                          : remove stream samples. (0000000000466BB8)
[LOG] SoundI::release                          :     192365__jamesrodavidson__dinosaur-footsteps-01 (00000000291942E8)
[LOG] SoundI::release                          : release subsounds. (0000000000466BB8)
[LOG] SoundI::release                          :     192365__jamesrodavidson__dinosaur-footsteps-01 (0000000000465EB8)
[LOG] SoundI::release                          : release codec. (0000000000466BB8)
[LOG] Thread::callback                         : * FMOD Studio update thread finished
[LOG] Thread::close                            : FMOD Studio update thread thread destroyed
[LOG] Thread::callback                         : * FMOD Studio bank load thread finished
[LOG] Thread::close                            : FMOD Studio bank load thread thread destroyed
[LOG] Profile::disconnectAll                   : Profiler disconnecting all clients
[LOG] Thread::callback                         : * FMOD Studio sample load thread finished
[LOG] Thread::close                            : FMOD Studio sample load thread thread destroyed
[LOG] LiveUpdate::release                      : 
[LOG] LiveUpdate::reset                        : Reset connection (reason Disconnected)
[LOG] SystemI::close                           : 
[LOG] SystemI::close                           : Stop all sounds
[LOG] Thread::callback                         : * FMOD stream thread finished
[LOG] Thread::close                            : FMOD stream thread thread destroyed
[LOG] SystemI::close                           : Stream thread destroyed
[LOG] Thread::callback                         : * FMOD mixer thread finished
[LOG] Thread::close                            : FMOD mixer thread thread destroyed
[LOG] SystemI::close                           : Free master channel group.
[LOG] SystemI::close                           : Remove 'master' sound group.
[LOG] SystemI::close                           : Free software output.
[LOG] SystemI::close                           : Free emulated output.
[LOG] SystemI::close                           : Free channel pool.
[LOG] Thread::callback                         : * FMOD nonblocking thread (0) finished
[LOG] Thread::close                            : FMOD nonblocking thread (0) thread destroyed
[LOG] Thread::callback                         : * FMOD file thread finished
[LOG] Thread::close                            : FMOD file thread thread destroyed
[LOG] SystemI::close                           : done.

