[LOG] System::create                           : Header version = 1.08.14. Current version = 1.08.14.
[LOG] SystemI::init                            : FMOD Studio Version: 00010814 (80900)
[LOG] SystemI::init                            : maxchannels = 256, flags = 00020000, extradriverdata = 0000000000000000
[LOG] SystemI::close                           : 
[LOG] SystemI::close                           : Stop all sounds
[LOG] SystemI::close                           : done.

[LOG] OutputWASAPI::init                       : Mix Format (WAVEFORMATEX): wFormatTag=0xFFFE, nChannels=2, nSamplesPerSec=48000, nAvgBytesPerSec=384000, nBlockAlign=8, wBitsPerSample=32, cbSize=22.
[LOG] OutputWASAPI::init                       : Mix Format (WAVEFORMATEXTENSIBLE): wValidBitsPerSample=32, dwChannelMask=0x00000003, SubFormat=00000003-0000-0010-8000-00AA00389B71.
[LOG] OutputWASAPI::init                       : Output buffer size: 4096 samples, latency: 0.00ms, period: 10.00ms, DSP buffer: 1024 * 4
[LOG] Thread::initThread                       : Initializing FMOD mixer thread.  priority 3
[LOG] Thread::initThread                       : - Stacksize 49152.  Stack pointer 0000000000000000 : usesemaphore = 0 : sleeptime = 0
[LOG] Thread::callback                         : * FMOD mixer thread started
[LOG] SystemI::init                            : Set up emulated output
[LOG] SystemI::init                            : create the channel pool
[LOG] Thread::initThread                       : Initializing FMOD stream thread.  priority 2
[LOG] Thread::initThread                       : - Stacksize 65536.  Stack pointer 0000000000000000 : usesemaphore = 0 : sleeptime = 10
[LOG] Thread::callback                         : * FMOD stream thread started
[LOG] Thread::initThread                       : Initializing FMOD Studio sample load thread.  priority 0
[LOG] Thread::initThread                       : - Stacksize 65536.  Stack pointer 0000000000000000 : usesemaphore = 0 : sleeptime = 1
[LOG] Thread::callback                         : * FMOD Studio sample load thread started
[LOG] Thread::initThread                       : Initializing FMOD Studio bank load thread.  priority 0
[LOG] Thread::initThread                       : - Stacksize 65536.  Stack pointer 0000000000000000 : usesemaphore = 0 : sleeptime = 1
[LOG] Thread::callback                         : * FMOD Studio bank load thread started
[LOG] Manager::readBank                        : fileversion = 80, compatVersion = 70 (oldest = 44, newest = 80)
[LOG] Manager::readBank                        : fileversion = 80, compatVersion = 70 (oldest = 44, newest = 80)
[LOG] Manager::readBank                        : fileversion = 80, compatVersion = 70 (oldest = 44, newest = 80)
[LOG] SystemI::createSound                     : filename = KidAndBotFmod\KidAndBot\Build\Desktop/Master Bank.bank : mode 02010082
[LOG] SystemI::createSound                     : FMOD_NONBLOCKING specified.  Putting into queue to be opened asynchronously!
[LOG] Thread::initThread                       : Initializing FMOD nonblocking thread (0).  priority 1
[LOG] Thread::initThread                       : - Stacksize 81920.  Stack pointer 0000000000000000 : usesemaphore = 1 : sleeptime = 0
[LOG] Thread::callback                         : * FMOD nonblocking thread (0) started
[LOG] SystemI::createSound                     : setdata soundi = 0000000026090E08 : node = 00000000283CF450
[LOG] SystemI::createSound                     : add node to async list : head = 00000000281C8738.  list count = 0
[LOG] AsyncThread::threadFunc                  : Starting Asynchronous operation on sound 0000000026090E08
[LOG] SystemI::createSoundInternal             :     filename = KidAndBotFmod\KidAndBot\Build\Desktop/Master Bank.bank : mode 02010082
[LOG] SystemI::createSoundInternal             :     exinfo->cbsize             = 232
[LOG] SystemI::createSoundInternal             :     exinfo->length             = 224224
[LOG] SystemI::createSoundInternal             :     exinfo->fileoffset         = 10464
[LOG] SystemI::createSoundInternal             :     exinfo->numsubsounds       = 1
[LOG] SystemI::createSoundInternal             :     exinfo->inclusionlist      = 00000000283CF568
[LOG] SystemI::createSoundInternal             :     exinfo->inclusionlistnum   = 1
[LOG] SystemI::createSoundInternal             :     exinfo->suggestedsoundtype = 5
[LOG] SystemI::createSoundInternal             :     exinfo->initialseekposition = 8800
[LOG] SystemI::createSoundInternal             :     exinfo->initialseekpostype = 1
[LOG] SystemI::createSoundInternal             :     Format has 1 subsounds.
[LOG] SystemI::createSoundInternal             :     Create as FMOD_CREATESTREAM
[LOG] System::createSoundInternal              :     decode buffersize = 19200 : blocksize = 256 : format = 2
[LOG] SystemI::createSample                    :     mode 02010082 length 19200 samples, lengthbytes 223936
[LOG] SystemI::createSample                    :     channels = 2
[LOG] SystemI::createSample                    :     output = 0000000028C06CA8
[LOG] OutputSoftware::createSample             :     lengthpcm 19200, lengthbytes 223936, channels 2, format 2, freq 48000, mode 0201008a
[LOG] System::createSoundInternal              :     1 subsounds detected.
[LOG] System::createSoundInternal              :     Seek stream to start
[LOG] System::createSoundInternal              :     flush stream buffer
[LOG] System::createSoundInternal              :     flush successful.
[LOG] System::createSoundInternal              :     switch file handle from small blocking single buffered to large nonblocking doublebuffered.
[LOG] Thread::initThread                       :         Initializing FMOD file thread.  priority 1
[LOG] Thread::initThread                       :         - Stacksize 16384.  Stack pointer 0000000000000000 : usesemaphore = 0 : sleeptime = 10
[LOG] Thread::callback                         :         * FMOD file thread started
[LOG] SystemI::createSoundInternal             :     done.  OpenState now = FMOD_OPENSTATE_READY.

[LOG] AsyncThread::threadFunc                  : Finished Asynchronous operation on sound 0000000026090E08
[LOG] SoundI::getSubSound                      : sound 0000000026090E08.  Subsound index 0 / 1
[LOG] SoundI::release                          : 192365__jamesrodavidson__dinosaur-footsteps-01 (0000000026090E08)
[LOG] SoundI::release                          : remove stream samples. (0000000026090E08)
[LOG] SoundI::release                          :     192365__jamesrodavidson__dinosaur-footsteps-01 (000000002897F698)
[LOG] SoundI::release                          : release subsounds. (0000000026090E08)
[LOG] SoundI::release                          :     192365__jamesrodavidson__dinosaur-footsteps-01 (000000002608F5A8)
[LOG] SoundI::release                          : release codec. (0000000026090E08)
[LOG] Manager::readBank                        : fileversion = 80, compatVersion = 70 (oldest = 44, newest = 80)
[LOG] Manager::readBank                        : fileversion = 80, compatVersion = 70 (oldest = 44, newest = 80)
[LOG] Manager::readBank                        : fileversion = 80, compatVersion = 70 (oldest = 44, newest = 80)
[LOG] PlaybackSystem::acquireMasterBus         : Setting master channel group format to 6
[LOG] SystemI::createSound                     : filename = KidAndBotFmod\KidAndBot\Build\Desktop/Master Bank.bank : mode 02010082
[LOG] SystemI::createSound                     : FMOD_NONBLOCKING specified.  Putting into queue to be opened asynchronously!
[LOG] SystemI::createSound                     : setdata soundi = 000000002608F5A8 : node = 00000000283CFD80
[LOG] SystemI::createSound                     : add node to async list : head = 00000000281C8738.  list count = 0
[LOG] AsyncThread::threadFunc                  : Starting Asynchronous operation on sound 000000002608F5A8
[LOG] SystemI::createSoundInternal             :     filename = KidAndBotFmod\KidAndBot\Build\Desktop/Master Bank.bank : mode 02010082
[LOG] SystemI::createSoundInternal             :     exinfo->cbsize             = 232
[LOG] SystemI::createSoundInternal             :     exinfo->length             = 224224
[LOG] SystemI::createSoundInternal             :     exinfo->fileoffset         = 10464
[LOG] SystemI::createSoundInternal             :     exinfo->numsubsounds       = 1
[LOG] SystemI::createSoundInternal             :     exinfo->inclusionlist      = 00000000283CFE98
[LOG] SystemI::createSoundInternal             :     exinfo->inclusionlistnum   = 1
[LOG] SystemI::createSoundInternal             :     exinfo->suggestedsoundtype = 5
[LOG] SystemI::createSoundInternal             :     exinfo->initialseekposition = 8800
[LOG] SystemI::createSoundInternal             :     exinfo->initialseekpostype = 1
[LOG] SystemI::createSoundInternal             :     Format has 1 subsounds.
[LOG] SystemI::createSoundInternal             :     Create as FMOD_CREATESTREAM
[LOG] System::createSoundInternal              :     decode buffersize = 19200 : blocksize = 256 : format = 2
[LOG] SystemI::createSample                    :     mode 02010082 length 19200 samples, lengthbytes 223936
[LOG] SystemI::createSample                    :     channels = 2
[LOG] SystemI::createSample                    :     output = 0000000028C06CA8
[LOG] OutputSoftware::createSample             :     lengthpcm 19200, lengthbytes 223936, channels 2, format 2, freq 48000, mode 0201008a
[LOG] System::createSoundInternal              :     1 subsounds detected.
[LOG] System::createSoundInternal              :     Seek stream to start
[LOG] System::createSoundInternal              :     flush stream buffer
[LOG] System::createSoundInternal              :     flush successful.
[LOG] System::createSoundInternal              :     switch file handle from small blocking single buffered to large nonblocking doublebuffered.
[LOG] SystemI::createSoundInternal             :     done.  OpenState now = FMOD_OPENSTATE_READY.

[LOG] AsyncThread::threadFunc                  : Finished Asynchronous operation on sound 000000002608F5A8
[LOG] SoundI::getSubSound                      : sound 000000002608F5A8.  Subsound index 0 / 1
[LOG] SoundI::release                          : 192365__jamesrodavidson__dinosaur-footsteps-01 (000000002608F5A8)
[LOG] SoundI::release                          : remove stream samples. (000000002608F5A8)
[LOG] SoundI::release                          :     192365__jamesrodavidson__dinosaur-footsteps-01 (0000000028981C18)
[LOG] SoundI::release                          : release subsounds. (000000002608F5A8)
[LOG] SoundI::release                          :     192365__jamesrodavidson__dinosaur-footsteps-01 (0000000026090E08)
[LOG] SoundI::release                          : release codec. (000000002608F5A8)
[LOG] SystemI::createSound                     : filename = KidAndBotFmod\KidAndBot\Build\Desktop/Master Bank.bank : mode 02010082
[LOG] SystemI::createSound                     : FMOD_NONBLOCKING specified.  Putting into queue to be opened asynchronously!
[LOG] SystemI::createSound                     : setdata soundi = 0000000026090E08 : node = 00000000283CF840
[LOG] SystemI::createSound                     : add node to async list : head = 00000000281C8738.  list count = 0
[LOG] AsyncThread::threadFunc                  : Starting Asynchronous operation on sound 0000000026090E08
[LOG] SystemI::createSoundInternal             :     filename = KidAndBotFmod\KidAndBot\Build\Desktop/Master Bank.bank : mode 02010082
[LOG] SystemI::createSoundInternal             :     exinfo->cbsize             = 232
[LOG] SystemI::createSoundInternal             :     exinfo->length             = 224224
[LOG] SystemI::createSoundInternal             :     exinfo->fileoffset         = 10464
[LOG] SystemI::createSoundInternal             :     exinfo->numsubsounds       = 1
[LOG] SystemI::createSoundInternal             :     exinfo->inclusionlist      = 00000000283CF958
[LOG] SystemI::createSoundInternal             :     exinfo->inclusionlistnum   = 1
[LOG] SystemI::createSoundInternal             :     exinfo->suggestedsoundtype = 5
[LOG] SystemI::createSoundInternal             :     exinfo->initialseekposition = 8800
[LOG] SystemI::createSoundInternal             :     exinfo->initialseekpostype = 1
[LOG] SystemI::createSoundInternal             :     Format has 1 subsounds.
[LOG] SystemI::createSoundInternal             :     Create as FMOD_CREATESTREAM
[LOG] System::createSoundInternal              :     decode buffersize = 19200 : blocksize = 256 : format = 2
[LOG] SystemI::createSample                    :     mode 02010082 length 19200 samples, lengthbytes 223936
[LOG] SystemI::createSample                    :     channels = 2
[LOG] SystemI::createSample                    :     output = 0000000028C06CA8
[LOG] OutputSoftware::createSample             :     lengthpcm 19200, lengthbytes 223936, channels 2, format 2, freq 48000, mode 0201008a
[LOG] System::createSoundInternal              :     1 subsounds detected.
[LOG] System::createSoundInternal              :     Seek stream to start
[LOG] System::createSoundInternal              :     flush stream buffer
[LOG] System::createSoundInternal              :     flush successful.
[LOG] System::createSoundInternal              :     switch file handle from small blocking single buffered to large nonblocking doublebuffered.
[LOG] SystemI::createSoundInternal             :     done.  OpenState now = FMOD_OPENSTATE_READY.

[LOG] AsyncThread::threadFunc                  : Finished Asynchronous operation on sound 0000000026090E08
[LOG] SoundI::getSubSound                      : sound 0000000026090E08.  Subsound index 0 / 1
[LOG] SoundI::release                          : 192365__jamesrodavidson__dinosaur-footsteps-01 (0000000026090E08)
[LOG] SoundI::release                          : remove stream samples. (0000000026090E08)
[LOG] SoundI::release                          :     192365__jamesrodavidson__dinosaur-footsteps-01 (0000000028C59C28)
[LOG] SoundI::release                          : release subsounds. (0000000026090E08)
[LOG] SoundI::release                          :     192365__jamesrodavidson__dinosaur-footsteps-01 (000000002608FC28)
[LOG] SoundI::release                          : release codec. (0000000026090E08)
[LOG] SystemI::createSound                     : filename = KidAndBotFmod\KidAndBot\Build\Desktop/Master Bank.bank : mode 02010082
[LOG] SystemI::createSound                     : FMOD_NONBLOCKING specified.  Putting into queue to be opened asynchronously!
[LOG] SystemI::createSound                     : setdata soundi = 0000000026090E08 : node = 00000000283D0020
[LOG] SystemI::createSound                     : add node to async list : head = 00000000281C8738.  list count = 0
[LOG] AsyncThread::threadFunc                  : Starting Asynchronous operation on sound 0000000026090E08
[LOG] SystemI::createSoundInternal             :     filename = KidAndBotFmod\KidAndBot\Build\Desktop/Master Bank.bank : mode 02010082
[LOG] SystemI::createSoundInternal             :     exinfo->cbsize             = 232
[LOG] SystemI::createSoundInternal             :     exinfo->length             = 224224
[LOG] SystemI::createSoundInternal             :     exinfo->fileoffset         = 10464
[LOG] SystemI::createSoundInternal             :     exinfo->numsubsounds       = 1
[LOG] SystemI::createSoundInternal             :     exinfo->inclusionlist      = 00000000283D0138
[LOG] SystemI::createSoundInternal             :     exinfo->inclusionlistnum   = 1
[LOG] SystemI::createSoundInternal             :     exinfo->suggestedsoundtype = 5
[LOG] SystemI::createSoundInternal             :     exinfo->initialseekposition = 8800
[LOG] SystemI::createSoundInternal             :     exinfo->initialseekpostype = 1
[LOG] SystemI::createSoundInternal             :     Format has 1 subsounds.
[LOG] SystemI::createSoundInternal             :     Create as FMOD_CREATESTREAM
[LOG] System::createSoundInternal              :     decode buffersize = 19200 : blocksize = 256 : format = 2
[LOG] SystemI::createSample                    :     mode 02010082 length 19200 samples, lengthbytes 223936
[LOG] SystemI::createSample                    :     channels = 2
[LOG] SystemI::createSample                    :     output = 0000000028C06CA8
[LOG] OutputSoftware::createSample             :     lengthpcm 19200, lengthbytes 223936, channels 2, format 2, freq 48000, mode 0201008a
[LOG] System::createSoundInternal              :     1 subsounds detected.
[LOG] System::createSoundInternal              :     Seek stream to start
[LOG] System::createSoundInternal              :     flush stream buffer
[LOG] System::createSoundInternal              :     flush successful.
[LOG] System::createSoundInternal              :     switch file handle from small blocking single buffered to large nonblocking doublebuffered.
[LOG] SystemI::createSoundInternal             :     done.  OpenState now = FMOD_OPENSTATE_READY.

[LOG] AsyncThread::threadFunc                  : Finished Asynchronous operation on sound 0000000026090E08
[LOG] SoundI::getSubSound                      : sound 0000000026090E08.  Subsound index 0 / 1
[LOG] SystemI::createSound                     : filename = KidAndBotFmod\KidAndBot\Build\Desktop/Master Bank.bank : mode 02010082
[LOG] SystemI::createSound                     : FMOD_NONBLOCKING specified.  Putting into queue to be opened asynchronously!
[LOG] SystemI::createSound                     : setdata soundi = 0000000026090788 : node = 00000000283CFED0
[LOG] SystemI::createSound                     : add node to async list : head = 00000000281C8738.  list count = 0
[LOG] AsyncThread::threadFunc                  : Starting Asynchronous operation on sound 0000000026090788
[LOG] SystemI::createSoundInternal             :     filename = KidAndBotFmod\KidAndBot\Build\Desktop/Master Bank.bank : mode 02010082
[LOG] SystemI::createSoundInternal             :     exinfo->cbsize             = 232
[LOG] SystemI::createSoundInternal             :     exinfo->length             = 224224
[LOG] SystemI::createSoundInternal             :     exinfo->fileoffset         = 10464
[LOG] SystemI::createSoundInternal             :     exinfo->numsubsounds       = 1
[LOG] SystemI::createSoundInternal             :     exinfo->inclusionlist      = 00000000283CFFE8
[LOG] SystemI::createSoundInternal             :     exinfo->inclusionlistnum   = 1
[LOG] SystemI::createSoundInternal             :     exinfo->suggestedsoundtype = 5
[LOG] SystemI::createSoundInternal             :     exinfo->initialseekposition = 8800
[LOG] SystemI::createSoundInternal             :     exinfo->initialseekpostype = 1
[LOG] SystemI::createSoundInternal             :     Format has 1 subsounds.
[LOG] SystemI::createSoundInternal             :     Create as FMOD_CREATESTREAM
[LOG] System::createSoundInternal              :     decode buffersize = 19200 : blocksize = 256 : format = 2
[LOG] SystemI::createSample                    :     mode 02010082 length 19200 samples, lengthbytes 223936
[LOG] SystemI::createSample                    :     channels = 2
[LOG] SystemI::createSample                    :     output = 0000000028C06CA8
[LOG] OutputSoftware::createSample             :     lengthpcm 19200, lengthbytes 223936, channels 2, format 2, freq 48000, mode 0201008a
[LOG] System::createSoundInternal              :     1 subsounds detected.
[LOG] System::createSoundInternal              :     Seek stream to start
[LOG] System::createSoundInternal              :     flush stream buffer
[LOG] System::createSoundInternal              :     flush successful.
[LOG] System::createSoundInternal              :     switch file handle from small blocking single buffered to large nonblocking doublebuffered.
[LOG] SystemI::createSoundInternal             :     done.  OpenState now = FMOD_OPENSTATE_READY.

[LOG] AsyncThread::threadFunc                  : Finished Asynchronous operation on sound 0000000026090788
[LOG] SoundI::getSubSound                      : sound 0000000026090788.  Subsound index 0 / 1
[LOG] SoundI::release                          : 192365__jamesrodavidson__dinosaur-footsteps-01 (0000000026090E08)
[LOG] SoundI::release                          : remove stream samples. (0000000026090E08)
[LOG] SoundI::release                          :     192365__jamesrodavidson__dinosaur-footsteps-01 (000000002897FB48)
[LOG] SoundI::release                          : release subsounds. (0000000026090E08)
[LOG] SoundI::release                          :     192365__jamesrodavidson__dinosaur-footsteps-01 (000000002608FF68)
[LOG] SoundI::release                          : release codec. (0000000026090E08)
[LOG] SystemI::createSound                     : filename = KidAndBotFmod\KidAndBot\Build\Desktop/Master Bank.bank : mode 02010082
[LOG] SystemI::createSound                     : FMOD_NONBLOCKING specified.  Putting into queue to be opened asynchronously!
[LOG] SystemI::createSound                     : setdata soundi = 000000002608FC28 : node = 00000000283CFD80
[LOG] SystemI::createSound                     : add node to async list : head = 00000000281C8738.  list count = 0
[LOG] AsyncThread::threadFunc                  : Starting Asynchronous operation on sound 000000002608FC28
[LOG] SystemI::createSoundInternal             :     filename = KidAndBotFmod\KidAndBot\Build\Desktop/Master Bank.bank : mode 02010082
[LOG] SystemI::createSoundInternal             :     exinfo->cbsize             = 232
[LOG] SystemI::createSoundInternal             :     exinfo->length             = 224224
[LOG] SystemI::createSoundInternal             :     exinfo->fileoffset         = 10464
[LOG] SystemI::createSoundInternal             :     exinfo->numsubsounds       = 1
[LOG] SystemI::createSoundInternal             :     exinfo->inclusionlist      = 00000000283CFE98
[LOG] SystemI::createSoundInternal             :     exinfo->inclusionlistnum   = 1
[LOG] SystemI::createSoundInternal             :     exinfo->suggestedsoundtype = 5
[LOG] SystemI::createSoundInternal             :     exinfo->initialseekposition = 8800
[LOG] SystemI::createSoundInternal             :     exinfo->initialseekpostype = 1
[LOG] SystemI::createSoundInternal             :     Format has 1 subsounds.
[LOG] SystemI::createSoundInternal             :     Create as FMOD_CREATESTREAM
[LOG] System::createSoundInternal              :     decode buffersize = 19200 : blocksize = 256 : format = 2
[LOG] SystemI::createSample                    :     mode 02010082 length 19200 samples, lengthbytes 223936
[LOG] SystemI::createSample                    :     channels = 2
[LOG] SystemI::createSample                    :     output = 0000000028C06CA8
[LOG] OutputSoftware::createSample             :     lengthpcm 19200, lengthbytes 223936, channels 2, format 2, freq 48000, mode 0201008a
[LOG] System::createSoundInternal              :     1 subsounds detected.
[LOG] System::createSoundInternal              :     Seek stream to start
[LOG] System::createSoundInternal              :     flush stream buffer
[LOG] System::createSoundInternal              :     flush successful.
[LOG] System::createSoundInternal              :     switch file handle from small blocking single buffered to large nonblocking doublebuffered.
[LOG] SystemI::createSoundInternal             :     done.  OpenState now = FMOD_OPENSTATE_READY.

[LOG] AsyncThread::threadFunc                  : Finished Asynchronous operation on sound 000000002608FC28
[LOG] SoundI::getSubSound                      : sound 000000002608FC28.  Subsound index 0 / 1
[LOG] SoundI::release                          : 192365__jamesrodavidson__dinosaur-footsteps-01 (0000000026090788)
[LOG] SoundI::release                          : remove stream samples. (0000000026090788)
[LOG] SoundI::release                          :     192365__jamesrodavidson__dinosaur-footsteps-01 (0000000028982BB8)
[LOG] SoundI::release                          : release subsounds. (0000000026090788)
[LOG] SoundI::release                          :     192365__jamesrodavidson__dinosaur-footsteps-01 (000000002608F5A8)
[LOG] SoundI::release                          : release codec. (0000000026090788)
[LOG] SoundI::release                          : 192365__jamesrodavidson__dinosaur-footsteps-01 (000000002608FC28)
[LOG] SoundI::release                          : remove stream samples. (000000002608FC28)
[LOG] SoundI::release                          :     192365__jamesrodavidson__dinosaur-footsteps-01 (0000000028C59908)
[LOG] SoundI::release                          : release subsounds. (000000002608FC28)
[LOG] SoundI::release                          :     192365__jamesrodavidson__dinosaur-footsteps-01 (000000002608F748)
[LOG] SoundI::release                          : release codec. (000000002608FC28)
[LOG] SystemI::createSound                     : filename = KidAndBotFmod\KidAndBot\Build\Desktop/Master Bank.bank : mode 02010082
[LOG] SystemI::createSound                     : FMOD_NONBLOCKING specified.  Putting into queue to be opened asynchronously!
[LOG] SystemI::createSound                     : setdata soundi = 000000002608F5A8 : node = 00000000283CFD80
[LOG] SystemI::createSound                     : add node to async list : head = 00000000281C8738.  list count = 0
[LOG] AsyncThread::threadFunc                  : Starting Asynchronous operation on sound 000000002608F5A8
[LOG] SystemI::createSoundInternal             :     filename = KidAndBotFmod\KidAndBot\Build\Desktop/Master Bank.bank : mode 02010082
[LOG] SystemI::createSoundInternal             :     exinfo->cbsize             = 232
[LOG] SystemI::createSoundInternal             :     exinfo->length             = 224224
[LOG] SystemI::createSoundInternal             :     exinfo->fileoffset         = 10464
[LOG] SystemI::createSoundInternal             :     exinfo->numsubsounds       = 1
[LOG] SystemI::createSoundInternal             :     exinfo->inclusionlist      = 00000000283CFE98
[LOG] SystemI::createSoundInternal             :     exinfo->inclusionlistnum   = 1
[LOG] SystemI::createSoundInternal             :     exinfo->suggestedsoundtype = 5
[LOG] SystemI::createSoundInternal             :     exinfo->initialseekposition = 8800
[LOG] SystemI::createSoundInternal             :     exinfo->initialseekpostype = 1
[LOG] SystemI::createSoundInternal             :     Format has 1 subsounds.
[LOG] SystemI::createSoundInternal             :     Create as FMOD_CREATESTREAM
[LOG] System::createSoundInternal              :     decode buffersize = 19200 : blocksize = 256 : format = 2
[LOG] SystemI::createSample                    :     mode 02010082 length 19200 samples, lengthbytes 223936
[LOG] SystemI::createSample                    :     channels = 2
[LOG] SystemI::createSample                    :     output = 0000000028C06CA8
[LOG] OutputSoftware::createSample             :     lengthpcm 19200, lengthbytes 223936, channels 2, format 2, freq 48000, mode 0201008a
[LOG] System::createSoundInternal              :     1 subsounds detected.
[LOG] System::createSoundInternal              :     Seek stream to start
[LOG] System::createSoundInternal              :     flush stream buffer
[LOG] System::createSoundInternal              :     flush successful.
[LOG] System::createSoundInternal              :     switch file handle from small blocking single buffered to large nonblocking doublebuffered.
[LOG] SystemI::createSoundInternal             :     done.  OpenState now = FMOD_OPENSTATE_READY.

[LOG] AsyncThread::threadFunc                  : Finished Asynchronous operation on sound 000000002608F5A8
[LOG] SoundI::getSubSound                      : sound 000000002608F5A8.  Subsound index 0 / 1
[LOG] SystemI::createSound                     : filename = KidAndBotFmod\KidAndBot\Build\Desktop/Master Bank.bank : mode 02010082
[LOG] SystemI::createSound                     : FMOD_NONBLOCKING specified.  Putting into queue to be opened asynchronously!
[LOG] SystemI::createSound                     : setdata soundi = 0000000026090788 : node = 00000000283CF450
[LOG] SystemI::createSound                     : add node to async list : head = 00000000281C8738.  list count = 0
[LOG] AsyncThread::threadFunc                  : Starting Asynchronous operation on sound 0000000026090788
[LOG] SystemI::createSoundInternal             :     filename = KidAndBotFmod\KidAndBot\Build\Desktop/Master Bank.bank : mode 02010082
[LOG] SystemI::createSoundInternal             :     exinfo->cbsize             = 232
[LOG] SystemI::createSoundInternal             :     exinfo->length             = 224224
[LOG] SystemI::createSoundInternal             :     exinfo->fileoffset         = 10464
[LOG] SystemI::createSoundInternal             :     exinfo->numsubsounds       = 1
[LOG] SystemI::createSoundInternal             :     exinfo->inclusionlist      = 00000000283CF568
[LOG] SystemI::createSoundInternal             :     exinfo->inclusionlistnum   = 1
[LOG] SystemI::createSoundInternal             :     exinfo->suggestedsoundtype = 5
[LOG] SystemI::createSoundInternal             :     exinfo->initialseekposition = 8800
[LOG] SystemI::createSoundInternal             :     exinfo->initialseekpostype = 1
[LOG] SystemI::createSoundInternal             :     Format has 1 subsounds.
[LOG] SystemI::createSoundInternal             :     Create as FMOD_CREATESTREAM
[LOG] System::createSoundInternal              :     decode buffersize = 19200 : blocksize = 256 : format = 2
[LOG] SystemI::createSample                    :     mode 02010082 length 19200 samples, lengthbytes 223936
[LOG] SystemI::createSample                    :     channels = 2
[LOG] SystemI::createSample                    :     output = 0000000028C06CA8
[LOG] OutputSoftware::createSample             :     lengthpcm 19200, lengthbytes 223936, channels 2, format 2, freq 48000, mode 0201008a
[LOG] System::createSoundInternal              :     1 subsounds detected.
[LOG] System::createSoundInternal              :     Seek stream to start
[LOG] System::createSoundInternal              :     flush stream buffer
[LOG] System::createSoundInternal              :     flush successful.
[LOG] System::createSoundInternal              :     switch file handle from small blocking single buffered to large nonblocking doublebuffered.
[LOG] SystemI::createSoundInternal             :     done.  OpenState now = FMOD_OPENSTATE_READY.

[LOG] AsyncThread::threadFunc                  : Finished Asynchronous operation on sound 0000000026090788
[LOG] SoundI::getSubSound                      : sound 0000000026090788.  Subsound index 0 / 1
[LOG] SystemI::createSound                     : filename = KidAndBotFmod\KidAndBot\Build\Desktop/Master Bank.bank : mode 02010082
[LOG] SystemI::createSound                     : FMOD_NONBLOCKING specified.  Putting into queue to be opened asynchronously!
[LOG] SystemI::createSound                     : setdata soundi = 000000002608F8E8 : node = 00000000283CFED0
[LOG] SystemI::createSound                     : add node to async list : head = 00000000281C8738.  list count = 0
[LOG] AsyncThread::threadFunc                  : Starting Asynchronous operation on sound 000000002608F8E8
[LOG] SystemI::createSoundInternal             :     filename = KidAndBotFmod\KidAndBot\Build\Desktop/Master Bank.bank : mode 02010082
[LOG] SystemI::createSoundInternal             :     exinfo->cbsize             = 232
[LOG] SystemI::createSoundInternal             :     exinfo->length             = 224224
[LOG] SystemI::createSoundInternal             :     exinfo->fileoffset         = 10464
[LOG] SystemI::createSoundInternal             :     exinfo->numsubsounds       = 1
[LOG] SystemI::createSoundInternal             :     exinfo->inclusionlist      = 00000000283CFFE8
[LOG] SystemI::createSoundInternal             :     exinfo->inclusionlistnum   = 1
[LOG] SystemI::createSoundInternal             :     exinfo->suggestedsoundtype = 5
[LOG] SystemI::createSoundInternal             :     exinfo->initialseekposition = 8800
[LOG] SystemI::createSoundInternal             :     exinfo->initialseekpostype = 1
[LOG] SystemI::createSoundInternal             :     Format has 1 subsounds.
[LOG] SystemI::createSoundInternal             :     Create as FMOD_CREATESTREAM
[LOG] System::createSoundInternal              :     decode buffersize = 19200 : blocksize = 256 : format = 2
[LOG] SystemI::createSample                    :     mode 02010082 length 19200 samples, lengthbytes 223936
[LOG] SystemI::createSample                    :     channels = 2
[LOG] SystemI::createSample                    :     output = 0000000028C06CA8
[LOG] OutputSoftware::createSample             :     lengthpcm 19200, lengthbytes 223936, channels 2, format 2, freq 48000, mode 0201008a
[LOG] System::createSoundInternal              :     1 subsounds detected.
[LOG] System::createSoundInternal              :     Seek stream to start
[LOG] System::createSoundInternal              :     flush stream buffer
[LOG] System::createSoundInternal              :     flush successful.
[LOG] System::createSoundInternal              :     switch file handle from small blocking single buffered to large nonblocking doublebuffered.
[LOG] SystemI::createSoundInternal             :     done.  OpenState now = FMOD_OPENSTATE_READY.

[LOG] AsyncThread::threadFunc                  : Finished Asynchronous operation on sound 000000002608F8E8
[LOG] SoundI::getSubSound                      : sound 000000002608F8E8.  Subsound index 0 / 1
[LOG] SystemI::createSound                     : filename = KidAndBotFmod\KidAndBot\Build\Desktop/Master Bank.bank : mode 02010082
[LOG] SystemI::createSound                     : FMOD_NONBLOCKING specified.  Putting into queue to be opened asynchronously!
[LOG] SystemI::createSound                     : setdata soundi = 000000002608FA88 : node = 00000000283CF990
[LOG] SystemI::createSound                     : add node to async list : head = 00000000281C8738.  list count = 0
[LOG] AsyncThread::threadFunc                  : Starting Asynchronous operation on sound 000000002608FA88
[LOG] SystemI::createSoundInternal             :     filename = KidAndBotFmod\KidAndBot\Build\Desktop/Master Bank.bank : mode 02010082
[LOG] SystemI::createSoundInternal             :     exinfo->cbsize             = 232
[LOG] SystemI::createSoundInternal             :     exinfo->length             = 224224
[LOG] SystemI::createSoundInternal             :     exinfo->fileoffset         = 10464
[LOG] SystemI::createSoundInternal             :     exinfo->numsubsounds       = 1
[LOG] SystemI::createSoundInternal             :     exinfo->inclusionlist      = 00000000283CFAA8
[LOG] SystemI::createSoundInternal             :     exinfo->inclusionlistnum   = 1
[LOG] SystemI::createSoundInternal             :     exinfo->suggestedsoundtype = 5
[LOG] SystemI::createSoundInternal             :     exinfo->initialseekposition = 8800
[LOG] SystemI::createSoundInternal             :     exinfo->initialseekpostype = 1
[LOG] SystemI::createSoundInternal             :     Format has 1 subsounds.
[LOG] SystemI::createSoundInternal             :     Create as FMOD_CREATESTREAM
[LOG] System::createSoundInternal              :     decode buffersize = 19200 : blocksize = 256 : format = 2
[LOG] SystemI::createSample                    :     mode 02010082 length 19200 samples, lengthbytes 223936
[LOG] SystemI::createSample                    :     channels = 2
[LOG] SystemI::createSample                    :     output = 0000000028C06CA8
[LOG] OutputSoftware::createSample             :     lengthpcm 19200, lengthbytes 223936, channels 2, format 2, freq 48000, mode 0201008a
[LOG] System::createSoundInternal              :     1 subsounds detected.
[LOG] System::createSoundInternal              :     Seek stream to start
[LOG] System::createSoundInternal              :     flush stream buffer
[LOG] System::createSoundInternal              :     flush successful.
[LOG] System::createSoundInternal              :     switch file handle from small blocking single buffered to large nonblocking doublebuffered.
[LOG] SystemI::createSoundInternal             :     done.  OpenState now = FMOD_OPENSTATE_READY.

[LOG] AsyncThread::threadFunc                  : Finished Asynchronous operation on sound 000000002608FA88
[LOG] SoundI::getSubSound                      : sound 000000002608FA88.  Subsound index 0 / 1
[LOG] SoundI::release                          : 192365__jamesrodavidson__dinosaur-footsteps-01 (000000002608F5A8)
[LOG] SoundI::release                          : remove stream samples. (000000002608F5A8)
[LOG] SoundI::release                          :     192365__jamesrodavidson__dinosaur-footsteps-01 (0000000028980E08)
[LOG] SoundI::release                          : release subsounds. (000000002608F5A8)
[LOG] SoundI::release                          :     192365__jamesrodavidson__dinosaur-footsteps-01 (0000000026090E08)
[LOG] SoundI::release                          : release codec. (000000002608F5A8)
[LOG] SystemI::createSound                     : filename = KidAndBotFmod\KidAndBot\Build\Desktop/Master Bank.bank : mode 02010082
[LOG] SystemI::createSound                     : FMOD_NONBLOCKING specified.  Putting into queue to be opened asynchronously!
[LOG] SystemI::createSound                     : setdata soundi = 000000002608FDC8 : node = 00000000283CFD80
[LOG] SystemI::createSound                     : add node to async list : head = 00000000281C8738.  list count = 0
[LOG] AsyncThread::threadFunc                  : Starting Asynchronous operation on sound 000000002608FDC8
[LOG] SystemI::createSoundInternal             :     filename = KidAndBotFmod\KidAndBot\Build\Desktop/Master Bank.bank : mode 02010082
[LOG] SystemI::createSoundInternal             :     exinfo->cbsize             = 232
[LOG] SystemI::createSoundInternal             :     exinfo->length             = 224224
[LOG] SystemI::createSoundInternal             :     exinfo->fileoffset         = 10464
[LOG] SystemI::createSoundInternal             :     exinfo->numsubsounds       = 1
[LOG] SystemI::createSoundInternal             :     exinfo->inclusionlist      = 00000000283CFE98
[LOG] SystemI::createSoundInternal             :     exinfo->inclusionlistnum   = 1
[LOG] SystemI::createSoundInternal             :     exinfo->suggestedsoundtype = 5
[LOG] SystemI::createSoundInternal             :     exinfo->initialseekposition = 8800
[LOG] SystemI::createSoundInternal             :     exinfo->initialseekpostype = 1
[LOG] SystemI::createSoundInternal             :     Format has 1 subsounds.
[LOG] SystemI::createSoundInternal             :     Create as FMOD_CREATESTREAM
[LOG] System::createSoundInternal              :     decode buffersize = 19200 : blocksize = 256 : format = 2
[LOG] SystemI::createSample                    :     mode 02010082 length 19200 samples, lengthbytes 223936
[LOG] SystemI::createSample                    :     channels = 2
[LOG] SystemI::createSample                    :     output = 0000000028C06CA8
[LOG] OutputSoftware::createSample             :     lengthpcm 19200, lengthbytes 223936, channels 2, format 2, freq 48000, mode 0201008a
[LOG] System::createSoundInternal              :     1 subsounds detected.
[LOG] System::createSoundInternal              :     Seek stream to start
[LOG] System::createSoundInternal              :     flush stream buffer
[LOG] System::createSoundInternal              :     flush successful.
[LOG] System::createSoundInternal              :     switch file handle from small blocking single buffered to large nonblocking doublebuffered.
[LOG] SystemI::createSoundInternal             :     done.  OpenState now = FMOD_OPENSTATE_READY.

[LOG] AsyncThread::threadFunc                  : Finished Asynchronous operation on sound 000000002608FDC8
[LOG] SoundI::getSubSound                      : sound 000000002608FDC8.  Subsound index 0 / 1
[LOG] SoundI::release                          : 192365__jamesrodavidson__dinosaur-footsteps-01 (0000000026090788)
[LOG] SoundI::release                          : remove stream samples. (0000000026090788)
[LOG] SoundI::release                          :     192365__jamesrodavidson__dinosaur-footsteps-01 (0000000028C57CE8)
[LOG] SoundI::release                          : release subsounds. (0000000026090788)
[LOG] SoundI::release                          :     192365__jamesrodavidson__dinosaur-footsteps-01 (000000002608F748)
[LOG] SoundI::release                          : release codec. (0000000026090788)
[LOG] SystemI::createSound                     : filename = KidAndBotFmod\KidAndBot\Build\Desktop/Master Bank.bank : mode 02010082
[LOG] SystemI::createSound                     : FMOD_NONBLOCKING specified.  Putting into queue to be opened asynchronously!
[LOG] SystemI::createSound                     : setdata soundi = 0000000026090788 : node = 00000000283D0020
[LOG] SystemI::createSound                     : add node to async list : head = 00000000281C8738.  list count = 0
[LOG] AsyncThread::threadFunc                  : Starting Asynchronous operation on sound 0000000026090788
[LOG] SystemI::createSoundInternal             :     filename = KidAndBotFmod\KidAndBot\Build\Desktop/Master Bank.bank : mode 02010082
[LOG] SystemI::createSoundInternal             :     exinfo->cbsize             = 232
[LOG] SystemI::createSoundInternal             :     exinfo->length             = 224224
[LOG] SystemI::createSoundInternal             :     exinfo->fileoffset         = 10464
[LOG] SystemI::createSoundInternal             :     exinfo->numsubsounds       = 1
[LOG] SystemI::createSoundInternal             :     exinfo->inclusionlist      = 00000000283D0138
[LOG] SystemI::createSoundInternal             :     exinfo->inclusionlistnum   = 1
[LOG] SystemI::createSoundInternal             :     exinfo->suggestedsoundtype = 5
[LOG] SystemI::createSoundInternal             :     exinfo->initialseekposition = 8800
[LOG] SystemI::createSoundInternal             :     exinfo->initialseekpostype = 1
[LOG] SystemI::createSoundInternal             :     Format has 1 subsounds.
[LOG] SystemI::createSoundInternal             :     Create as FMOD_CREATESTREAM
[LOG] System::createSoundInternal              :     decode buffersize = 19200 : blocksize = 256 : format = 2
[LOG] SystemI::createSample                    :     mode 02010082 length 19200 samples, lengthbytes 223936
[LOG] SystemI::createSample                    :     channels = 2
[LOG] SystemI::createSample                    :     output = 0000000028C06CA8
[LOG] OutputSoftware::createSample             :     lengthpcm 19200, lengthbytes 223936, channels 2, format 2, freq 48000, mode 0201008a
[LOG] System::createSoundInternal              :     1 subsounds detected.
[LOG] System::createSoundInternal              :     Seek stream to start
[LOG] System::createSoundInternal              :     flush stream buffer
[LOG] System::createSoundInternal              :     flush successful.
[LOG] System::createSoundInternal              :     switch file handle from small blocking single buffered to large nonblocking doublebuffered.
[LOG] SystemI::createSoundInternal             :     done.  OpenState now = FMOD_OPENSTATE_READY.

[LOG] AsyncThread::threadFunc                  : Finished Asynchronous operation on sound 0000000026090788
[LOG] SoundI::getSubSound                      : sound 0000000026090788.  Subsound index 0 / 1
[LOG] SoundI::release                          : 192365__jamesrodavidson__dinosaur-footsteps-01 (000000002608F8E8)
[LOG] SoundI::release                          : remove stream samples. (000000002608F8E8)
[LOG] SoundI::release                          :     192365__jamesrodavidson__dinosaur-footsteps-01 (0000000028C59908)
[LOG] SoundI::release                          : release subsounds. (000000002608F8E8)
[LOG] SoundI::release                          :     192365__jamesrodavidson__dinosaur-footsteps-01 (000000002608FF68)
[LOG] SoundI::release                          : release codec. (000000002608F8E8)
[LOG] SoundI::release                          : 192365__jamesrodavidson__dinosaur-footsteps-01 (000000002608FA88)
[LOG] SoundI::release                          : remove stream samples. (000000002608FA88)
[LOG] SoundI::release                          :     192365__jamesrodavidson__dinosaur-footsteps-01 (0000000028C592C8)
[LOG] SoundI::release                          : release subsounds. (000000002608FA88)
[LOG] SoundI::release                          :     192365__jamesrodavidson__dinosaur-footsteps-01 (000000002608FC28)
[LOG] SoundI::release                          : release codec. (000000002608FA88)
[LOG] SoundI::release                          : 192365__jamesrodavidson__dinosaur-footsteps-01 (000000002608FDC8)
[LOG] SoundI::release                          : remove stream samples. (000000002608FDC8)
[LOG] SoundI::release                          :     192365__jamesrodavidson__dinosaur-footsteps-01 (0000000028C58198)
[LOG] SoundI::release                          : release subsounds. (000000002608FDC8)
[LOG] SoundI::release                          :     192365__jamesrodavidson__dinosaur-footsteps-01 (0000000026090E08)
[LOG] SoundI::release                          : release codec. (000000002608FDC8)
[LOG] SoundI::release                          : 192365__jamesrodavidson__dinosaur-footsteps-01 (0000000026090788)
[LOG] SoundI::release                          : remove stream samples. (0000000026090788)
[LOG] SoundI::release                          :     192365__jamesrodavidson__dinosaur-footsteps-01 (0000000028980E08)
[LOG] SoundI::release                          : release subsounds. (0000000026090788)
[LOG] SoundI::release                          :     192365__jamesrodavidson__dinosaur-footsteps-01 (000000002608F5A8)
[LOG] SoundI::release                          : release codec. (0000000026090788)
[LOG] SystemI::createSound                     : filename = KidAndBotFmod\KidAndBot\Build\Desktop/Master Bank.bank : mode 02010082
[LOG] SystemI::createSound                     : FMOD_NONBLOCKING specified.  Putting into queue to be opened asynchronously!
[LOG] SystemI::createSound                     : setdata soundi = 0000000026090E08 : node = 00000000283CF840
[LOG] SystemI::createSound                     : add node to async list : head = 00000000281C8738.  list count = 0
[LOG] AsyncThread::threadFunc                  : Starting Asynchronous operation on sound 0000000026090E08
[LOG] SystemI::createSoundInternal             :     filename = KidAndBotFmod\KidAndBot\Build\Desktop/Master Bank.bank : mode 02010082
[LOG] SystemI::createSoundInternal             :     exinfo->cbsize             = 232
[LOG] SystemI::createSoundInternal             :     exinfo->length             = 224224
[LOG] SystemI::createSoundInternal             :     exinfo->fileoffset         = 10464
[LOG] SystemI::createSoundInternal             :     exinfo->numsubsounds       = 1
[LOG] SystemI::createSoundInternal             :     exinfo->inclusionlist      = 00000000283CF958
[LOG] SystemI::createSoundInternal             :     exinfo->inclusionlistnum   = 1
[LOG] SystemI::createSoundInternal             :     exinfo->suggestedsoundtype = 5
[LOG] SystemI::createSoundInternal             :     exinfo->initialseekposition = 8800
[LOG] SystemI::createSoundInternal             :     exinfo->initialseekpostype = 1
[LOG] SystemI::createSoundInternal             :     Format has 1 subsounds.
[LOG] SystemI::createSoundInternal             :     Create as FMOD_CREATESTREAM
[LOG] System::createSoundInternal              :     decode buffersize = 19200 : blocksize = 256 : format = 2
[LOG] SystemI::createSample                    :     mode 02010082 length 19200 samples, lengthbytes 223936
[LOG] SystemI::createSample                    :     channels = 2
[LOG] SystemI::createSample                    :     output = 0000000028C06CA8
[LOG] OutputSoftware::createSample             :     lengthpcm 19200, lengthbytes 223936, channels 2, format 2, freq 48000, mode 0201008a
[LOG] System::createSoundInternal              :     1 subsounds detected.
[LOG] System::createSoundInternal              :     Seek stream to start
[LOG] System::createSoundInternal              :     flush stream buffer
[LOG] System::createSoundInternal              :     flush successful.
[LOG] System::createSoundInternal              :     switch file handle from small blocking single buffered to large nonblocking doublebuffered.
[LOG] SystemI::createSoundInternal             :     done.  OpenState now = FMOD_OPENSTATE_READY.

[LOG] AsyncThread::threadFunc                  : Finished Asynchronous operation on sound 0000000026090E08
[LOG] SoundI::getSubSound                      : sound 0000000026090E08.  Subsound index 0 / 1
[LOG] SystemI::createSound                     : filename = KidAndBotFmod\KidAndBot\Build\Desktop/Master Bank.bank : mode 02010082
[LOG] SystemI::createSound                     : FMOD_NONBLOCKING specified.  Putting into queue to be opened asynchronously!
[LOG] SystemI::createSound                     : setdata soundi = 000000002608F748 : node = 00000000283CF450
[LOG] SystemI::createSound                     : add node to async list : head = 00000000281C8738.  list count = 0
[LOG] AsyncThread::threadFunc                  : Starting Asynchronous operation on sound 000000002608F748
[LOG] SystemI::createSoundInternal             :     filename = KidAndBotFmod\KidAndBot\Build\Desktop/Master Bank.bank : mode 02010082
[LOG] SystemI::createSoundInternal             :     exinfo->cbsize             = 232
[LOG] SystemI::createSoundInternal             :     exinfo->length             = 224224
[LOG] SystemI::createSoundInternal             :     exinfo->fileoffset         = 10464
[LOG] SystemI::createSoundInternal             :     exinfo->numsubsounds       = 1
[LOG] SystemI::createSoundInternal             :     exinfo->inclusionlist      = 00000000283CF568
[LOG] SystemI::createSoundInternal             :     exinfo->inclusionlistnum   = 1
[LOG] SystemI::createSoundInternal             :     exinfo->suggestedsoundtype = 5
[LOG] SystemI::createSoundInternal             :     exinfo->initialseekposition = 8800
[LOG] SystemI::createSoundInternal             :     exinfo->initialseekpostype = 1
[LOG] SystemI::createSoundInternal             :     Format has 1 subsounds.
[LOG] SystemI::createSoundInternal             :     Create as FMOD_CREATESTREAM
[LOG] System::createSoundInternal              :     decode buffersize = 19200 : blocksize = 256 : format = 2
[LOG] SystemI::createSample                    :     mode 02010082 length 19200 samples, lengthbytes 223936
[LOG] SystemI::createSample                    :     channels = 2
[LOG] SystemI::createSample                    :     output = 0000000028C06CA8
[LOG] OutputSoftware::createSample             :     lengthpcm 19200, lengthbytes 223936, channels 2, format 2, freq 48000, mode 0201008a
[LOG] System::createSoundInternal              :     1 subsounds detected.
[LOG] System::createSoundInternal              :     Seek stream to start
[LOG] System::createSoundInternal              :     flush stream buffer
[LOG] System::createSoundInternal              :     flush successful.
[LOG] System::createSoundInternal              :     switch file handle from small blocking single buffered to large nonblocking doublebuffered.
[LOG] SystemI::createSoundInternal             :     done.  OpenState now = FMOD_OPENSTATE_READY.

[LOG] AsyncThread::threadFunc                  : Finished Asynchronous operation on sound 000000002608F748
[LOG] SoundI::getSubSound                      : sound 000000002608F748.  Subsound index 0 / 1
[LOG] SoundI::release                          : 192365__jamesrodavidson__dinosaur-footsteps-01 (0000000026090E08)
[LOG] SoundI::release                          : remove stream samples. (0000000026090E08)
[LOG] SoundI::release                          :     192365__jamesrodavidson__dinosaur-footsteps-01 (0000000028C57CE8)
[LOG] SoundI::release                          : release subsounds. (0000000026090E08)
[LOG] SoundI::release                          :     192365__jamesrodavidson__dinosaur-footsteps-01 (000000002608F5A8)
[LOG] SoundI::release                          : release codec. (0000000026090E08)
[LOG] SoundI::release                          : 192365__jamesrodavidson__dinosaur-footsteps-01 (000000002608F748)
[LOG] SoundI::release                          : remove stream samples. (000000002608F748)
[LOG] SoundI::release                          :     192365__jamesrodavidson__dinosaur-footsteps-01 (0000000028981A88)
[LOG] SoundI::release                          : release subsounds. (000000002608F748)
[LOG] SoundI::release                          :     192365__jamesrodavidson__dinosaur-footsteps-01 (000000002608F8E8)
[LOG] SoundI::release                          : release codec. (000000002608F748)
[LOG] SystemI::createSound                     : filename = KidAndBotFmod\KidAndBot\Build\Desktop/Master Bank.bank : mode 02010082
[LOG] SystemI::createSound                     : FMOD_NONBLOCKING specified.  Putting into queue to be opened asynchronously!
[LOG] SystemI::createSound                     : setdata soundi = 0000000026090788 : node = 00000000283CF840
[LOG] SystemI::createSound                     : add node to async list : head = 00000000281C8738.  list count = 0
[LOG] AsyncThread::threadFunc                  : Starting Asynchronous operation on sound 0000000026090788
[LOG] SystemI::createSoundInternal             :     filename = KidAndBotFmod\KidAndBot\Build\Desktop/Master Bank.bank : mode 02010082
[LOG] SystemI::createSoundInternal             :     exinfo->cbsize             = 232
[LOG] SystemI::createSoundInternal             :     exinfo->length             = 224224
[LOG] SystemI::createSoundInternal             :     exinfo->fileoffset         = 10464
[LOG] SystemI::createSoundInternal             :     exinfo->numsubsounds       = 1
[LOG] SystemI::createSoundInternal             :     exinfo->inclusionlist      = 00000000283CF958
[LOG] SystemI::createSoundInternal             :     exinfo->inclusionlistnum   = 1
[LOG] SystemI::createSoundInternal             :     exinfo->suggestedsoundtype = 5
[LOG] SystemI::createSoundInternal             :     exinfo->initialseekposition = 8800
[LOG] SystemI::createSoundInternal             :     exinfo->initialseekpostype = 1
[LOG] SystemI::createSoundInternal             :     Format has 1 subsounds.
[LOG] SystemI::createSoundInternal             :     Create as FMOD_CREATESTREAM
[LOG] System::createSoundInternal              :     decode buffersize = 19200 : blocksize = 256 : format = 2
[LOG] SystemI::createSample                    :     mode 02010082 length 19200 samples, lengthbytes 223936
[LOG] SystemI::createSample                    :     channels = 2
[LOG] SystemI::createSample                    :     output = 0000000028C06CA8
[LOG] OutputSoftware::createSample             :     lengthpcm 19200, lengthbytes 223936, channels 2, format 2, freq 48000, mode 0201008a
[LOG] System::createSoundInternal              :     1 subsounds detected.
[LOG] System::createSoundInternal              :     Seek stream to start
[LOG] System::createSoundInternal              :     flush stream buffer
[LOG] System::createSoundInternal              :     flush successful.
[LOG] System::createSoundInternal              :     switch file handle from small blocking single buffered to large nonblocking doublebuffered.
[LOG] SystemI::createSoundInternal             :     done.  OpenState now = FMOD_OPENSTATE_READY.

[LOG] AsyncThread::threadFunc                  : Finished Asynchronous operation on sound 0000000026090788
[LOG] SoundI::getSubSound                      : sound 0000000026090788.  Subsound index 0 / 1
[LOG] SoundI::release                          : 192365__jamesrodavidson__dinosaur-footsteps-01 (0000000026090788)
[LOG] SoundI::release                          : remove stream samples. (0000000026090788)
[LOG] SoundI::release                          :     192365__jamesrodavidson__dinosaur-footsteps-01 (0000000028C57CE8)
[LOG] SoundI::release                          : release subsounds. (0000000026090788)
[LOG] SoundI::release                          :     192365__jamesrodavidson__dinosaur-footsteps-01 (000000002608FDC8)
[LOG] SoundI::release                          : release codec. (0000000026090788)
[LOG] SystemI::createSound                     : filename = KidAndBotFmod\KidAndBot\Build\Desktop/Master Bank.bank : mode 02010082
[LOG] SystemI::createSound                     : FMOD_NONBLOCKING specified.  Putting into queue to be opened asynchronously!
[LOG] SystemI::createSound                     : setdata soundi = 0000000026090E08 : node = 00000000283D0020
[LOG] SystemI::createSound                     : add node to async list : head = 00000000281C8738.  list count = 0
[LOG] AsyncThread::threadFunc                  : Starting Asynchronous operation on sound 0000000026090E08
[LOG] SystemI::createSoundInternal             :     filename = KidAndBotFmod\KidAndBot\Build\Desktop/Master Bank.bank : mode 02010082
[LOG] SystemI::createSoundInternal             :     exinfo->cbsize             = 232
[LOG] SystemI::createSoundInternal             :     exinfo->length             = 224224
[LOG] SystemI::createSoundInternal             :     exinfo->fileoffset         = 10464
[LOG] SystemI::createSoundInternal             :     exinfo->numsubsounds       = 1
[LOG] SystemI::createSoundInternal             :     exinfo->inclusionlist      = 00000000283D0138
[LOG] SystemI::createSoundInternal             :     exinfo->inclusionlistnum   = 1
[LOG] SystemI::createSoundInternal             :     exinfo->suggestedsoundtype = 5
[LOG] SystemI::createSoundInternal             :     exinfo->initialseekposition = 8800
[LOG] SystemI::createSoundInternal             :     exinfo->initialseekpostype = 1
[LOG] SystemI::createSoundInternal             :     Format has 1 subsounds.
[LOG] SystemI::createSoundInternal             :     Create as FMOD_CREATESTREAM
[LOG] System::createSoundInternal              :     decode buffersize = 19200 : blocksize = 256 : format = 2
[LOG] SystemI::createSample                    :     mode 02010082 length 19200 samples, lengthbytes 223936
[LOG] SystemI::createSample                    :     channels = 2
[LOG] SystemI::createSample                    :     output = 0000000028C06CA8
[LOG] OutputSoftware::createSample             :     lengthpcm 19200, lengthbytes 223936, channels 2, format 2, freq 48000, mode 0201008a
[LOG] System::createSoundInternal              :     1 subsounds detected.
[LOG] System::createSoundInternal              :     Seek stream to start
[LOG] System::createSoundInternal              :     flush stream buffer
[LOG] System::createSoundInternal              :     flush successful.
[LOG] System::createSoundInternal              :     switch file handle from small blocking single buffered to large nonblocking doublebuffered.
[LOG] SystemI::createSoundInternal             :     done.  OpenState now = FMOD_OPENSTATE_READY.

[LOG] AsyncThread::threadFunc                  : Finished Asynchronous operation on sound 0000000026090E08
[LOG] SoundI::getSubSound                      : sound 0000000026090E08.  Subsound index 0 / 1
[LOG] SoundI::release                          : 192365__jamesrodavidson__dinosaur-footsteps-01 (0000000026090E08)
[LOG] SoundI::release                          : remove stream samples. (0000000026090E08)
[LOG] SoundI::release                          :     192365__jamesrodavidson__dinosaur-footsteps-01 (0000000028C587D8)
[LOG] SoundI::release                          : release subsounds. (0000000026090E08)
[LOG] SoundI::release                          :     192365__jamesrodavidson__dinosaur-footsteps-01 (0000000026090788)
[LOG] SoundI::release                          : release codec. (0000000026090E08)
[LOG] SystemI::createSound                     : filename = KidAndBotFmod\KidAndBot\Build\Desktop/Master Bank.bank : mode 02010082
[LOG] SystemI::createSound                     : FMOD_NONBLOCKING specified.  Putting into queue to be opened asynchronously!
[LOG] SystemI::createSound                     : setdata soundi = 000000002608F5A8 : node = 00000000283CF840
[LOG] SystemI::createSound                     : add node to async list : head = 00000000281C8738.  list count = 0
[LOG] AsyncThread::threadFunc                  : Starting Asynchronous operation on sound 000000002608F5A8
[LOG] SystemI::createSoundInternal             :     filename = KidAndBotFmod\KidAndBot\Build\Desktop/Master Bank.bank : mode 02010082
[LOG] SystemI::createSoundInternal             :     exinfo->cbsize             = 232
[LOG] SystemI::createSoundInternal             :     exinfo->length             = 224224
[LOG] SystemI::createSoundInternal             :     exinfo->fileoffset         = 10464
[LOG] SystemI::createSoundInternal             :     exinfo->numsubsounds       = 1
[LOG] SystemI::createSoundInternal             :     exinfo->inclusionlist      = 00000000283CF958
[LOG] SystemI::createSoundInternal             :     exinfo->inclusionlistnum   = 1
[LOG] SystemI::createSoundInternal             :     exinfo->suggestedsoundtype = 5
[LOG] SystemI::createSoundInternal             :     exinfo->initialseekposition = 8800
[LOG] SystemI::createSoundInternal             :     exinfo->initialseekpostype = 1
[LOG] SystemI::createSoundInternal             :     Format has 1 subsounds.
[LOG] SystemI::createSoundInternal             :     Create as FMOD_CREATESTREAM
[LOG] System::createSoundInternal              :     decode buffersize = 19200 : blocksize = 256 : format = 2
[LOG] SystemI::createSample                    :     mode 02010082 length 19200 samples, lengthbytes 223936
[LOG] SystemI::createSample                    :     channels = 2
[LOG] SystemI::createSample                    :     output = 0000000028C06CA8
[LOG] OutputSoftware::createSample             :     lengthpcm 19200, lengthbytes 223936, channels 2, format 2, freq 48000, mode 0201008a
[LOG] System::createSoundInternal              :     1 subsounds detected.
[LOG] System::createSoundInternal              :     Seek stream to start
[LOG] System::createSoundInternal              :     flush stream buffer
[LOG] System::createSoundInternal              :     flush successful.
[LOG] System::createSoundInternal              :     switch file handle from small blocking single buffered to large nonblocking doublebuffered.
[LOG] SystemI::createSoundInternal             :     done.  OpenState now = FMOD_OPENSTATE_READY.

[LOG] AsyncThread::threadFunc                  : Finished Asynchronous operation on sound 000000002608F5A8
[LOG] SoundI::getSubSound                      : sound 000000002608F5A8.  Subsound index 0 / 1
[LOG] SoundI::release                          : 192365__jamesrodavidson__dinosaur-footsteps-01 (000000002608F5A8)
[LOG] SoundI::release                          : remove stream samples. (000000002608F5A8)
[LOG] SoundI::release                          :     192365__jamesrodavidson__dinosaur-footsteps-01 (0000000028981128)
[LOG] SoundI::release                          : release subsounds. (000000002608F5A8)
[LOG] SoundI::release                          :     192365__jamesrodavidson__dinosaur-footsteps-01 (0000000026090E08)
[LOG] SoundI::release                          : release codec. (000000002608F5A8)
[LOG] SystemI::createSound                     : filename = KidAndBotFmod\KidAndBot\Build\Desktop/Master Bank.bank : mode 02010082
[LOG] SystemI::createSound                     : FMOD_NONBLOCKING specified.  Putting into queue to be opened asynchronously!
[LOG] SystemI::createSound                     : setdata soundi = 0000000026090788 : node = 00000000283D0020
[LOG] SystemI::createSound                     : add node to async list : head = 00000000281C8738.  list count = 0
[LOG] AsyncThread::threadFunc                  : Starting Asynchronous operation on sound 0000000026090788
[LOG] SystemI::createSoundInternal             :     filename = KidAndBotFmod\KidAndBot\Build\Desktop/Master Bank.bank : mode 02010082
[LOG] SystemI::createSoundInternal             :     exinfo->cbsize             = 232
[LOG] SystemI::createSoundInternal             :     exinfo->length             = 224224
[LOG] SystemI::createSoundInternal             :     exinfo->fileoffset         = 10464
[LOG] SystemI::createSoundInternal             :     exinfo->numsubsounds       = 1
[LOG] SystemI::createSoundInternal             :     exinfo->inclusionlist      = 00000000283D0138
[LOG] SystemI::createSoundInternal             :     exinfo->inclusionlistnum   = 1
[LOG] SystemI::createSoundInternal             :     exinfo->suggestedsoundtype = 5
[LOG] SystemI::createSoundInternal             :     exinfo->initialseekposition = 8800
[LOG] SystemI::createSoundInternal             :     exinfo->initialseekpostype = 1
[LOG] SystemI::createSoundInternal             :     Format has 1 subsounds.
[LOG] SystemI::createSoundInternal             :     Create as FMOD_CREATESTREAM
[LOG] System::createSoundInternal              :     decode buffersize = 19200 : blocksize = 256 : format = 2
[LOG] SystemI::createSample                    :     mode 02010082 length 19200 samples, lengthbytes 223936
[LOG] SystemI::createSample                    :     channels = 2
[LOG] SystemI::createSample                    :     output = 0000000028C06CA8
[LOG] OutputSoftware::createSample             :     lengthpcm 19200, lengthbytes 223936, channels 2, format 2, freq 48000, mode 0201008a
[LOG] System::createSoundInternal              :     1 subsounds detected.
[LOG] System::createSoundInternal              :     Seek stream to start
[LOG] System::createSoundInternal              :     flush stream buffer
[LOG] System::createSoundInternal              :     flush successful.
[LOG] System::createSoundInternal              :     switch file handle from small blocking single buffered to large nonblocking doublebuffered.
[LOG] SystemI::createSoundInternal             :     done.  OpenState now = FMOD_OPENSTATE_READY.

[LOG] AsyncThread::threadFunc                  : Finished Asynchronous operation on sound 0000000026090788
[LOG] SoundI::getSubSound                      : sound 0000000026090788.  Subsound index 0 / 1
[LOG] SystemI::createSound                     : filename = KidAndBotFmod\KidAndBot\Build\Desktop/Master Bank.bank : mode 02010082
[LOG] SystemI::createSound                     : FMOD_NONBLOCKING specified.  Putting into queue to be opened asynchronously!
[LOG] SystemI::createSound                     : setdata soundi = 000000002608F748 : node = 00000000283CF990
[LOG] SystemI::createSound                     : add node to async list : head = 00000000281C8738.  list count = 0
[LOG] AsyncThread::threadFunc                  : Starting Asynchronous operation on sound 000000002608F748
[LOG] SystemI::createSoundInternal             :     filename = KidAndBotFmod\KidAndBot\Build\Desktop/Master Bank.bank : mode 02010082
[LOG] SystemI::createSoundInternal             :     exinfo->cbsize             = 232
[LOG] SystemI::createSoundInternal             :     exinfo->length             = 224224
[LOG] SystemI::createSoundInternal             :     exinfo->fileoffset         = 10464
[LOG] SystemI::createSoundInternal             :     exinfo->numsubsounds       = 1
[LOG] SystemI::createSoundInternal             :     exinfo->inclusionlist      = 00000000283CFAA8
[LOG] SystemI::createSoundInternal             :     exinfo->inclusionlistnum   = 1
[LOG] SystemI::createSoundInternal             :     exinfo->suggestedsoundtype = 5
[LOG] SystemI::createSoundInternal             :     exinfo->initialseekposition = 8800
[LOG] SystemI::createSoundInternal             :     exinfo->initialseekpostype = 1
[LOG] SystemI::createSoundInternal             :     Format has 1 subsounds.
[LOG] SystemI::createSoundInternal             :     Create as FMOD_CREATESTREAM
[LOG] System::createSoundInternal              :     decode buffersize = 19200 : blocksize = 256 : format = 2
[LOG] SystemI::createSample                    :     mode 02010082 length 19200 samples, lengthbytes 223936
[LOG] SystemI::createSample                    :     channels = 2
[LOG] SystemI::createSample                    :     output = 0000000028C06CA8
[LOG] OutputSoftware::createSample             :     lengthpcm 19200, lengthbytes 223936, channels 2, format 2, freq 48000, mode 0201008a
[LOG] System::createSoundInternal              :     1 subsounds detected.
[LOG] System::createSoundInternal              :     Seek stream to start
[LOG] System::createSoundInternal              :     flush stream buffer
[LOG] System::createSoundInternal              :     flush successful.
[LOG] System::createSoundInternal              :     switch file handle from small blocking single buffered to large nonblocking doublebuffered.
[LOG] SystemI::createSoundInternal             :     done.  OpenState now = FMOD_OPENSTATE_READY.

[LOG] AsyncThread::threadFunc                  : Finished Asynchronous operation on sound 000000002608F748
[LOG] SoundI::getSubSound                      : sound 000000002608F748.  Subsound index 0 / 1
[LOG] SystemI::createSound                     : filename = KidAndBotFmod\KidAndBot\Build\Desktop/Master Bank.bank : mode 02010082
[LOG] SystemI::createSound                     : FMOD_NONBLOCKING specified.  Putting into queue to be opened asynchronously!
[LOG] SystemI::createSound                     : setdata soundi = 000000002608F8E8 : node = 00000000283D0170
[LOG] SystemI::createSound                     : add node to async list : head = 00000000281C8738.  list count = 0
[LOG] AsyncThread::threadFunc                  : Starting Asynchronous operation on sound 000000002608F8E8
[LOG] SystemI::createSoundInternal             :     filename = KidAndBotFmod\KidAndBot\Build\Desktop/Master Bank.bank : mode 02010082
[LOG] SystemI::createSoundInternal             :     exinfo->cbsize             = 232
[LOG] SystemI::createSoundInternal             :     exinfo->length             = 224224
[LOG] SystemI::createSoundInternal             :     exinfo->fileoffset         = 10464
[LOG] SystemI::createSoundInternal             :     exinfo->numsubsounds       = 1
[LOG] SystemI::createSoundInternal             :     exinfo->inclusionlist      = 00000000283D0288
[LOG] SystemI::createSoundInternal             :     exinfo->inclusionlistnum   = 1
[LOG] SystemI::createSoundInternal             :     exinfo->suggestedsoundtype = 5
[LOG] SystemI::createSoundInternal             :     exinfo->initialseekposition = 8800
[LOG] SystemI::createSoundInternal             :     exinfo->initialseekpostype = 1
[LOG] SystemI::createSoundInternal             :     Format has 1 subsounds.
[LOG] SystemI::createSoundInternal             :     Create as FMOD_CREATESTREAM
[LOG] System::createSoundInternal              :     decode buffersize = 19200 : blocksize = 256 : format = 2
[LOG] SystemI::createSample                    :     mode 02010082 length 19200 samples, lengthbytes 223936
[LOG] SystemI::createSample                    :     channels = 2
[LOG] SystemI::createSample                    :     output = 0000000028C06CA8
[LOG] OutputSoftware::createSample             :     lengthpcm 19200, lengthbytes 223936, channels 2, format 2, freq 48000, mode 0201008a
[LOG] System::createSoundInternal              :     1 subsounds detected.
[LOG] System::createSoundInternal              :     Seek stream to start
[LOG] System::createSoundInternal              :     flush stream buffer
[LOG] System::createSoundInternal              :     flush successful.
[LOG] System::createSoundInternal              :     switch file handle from small blocking single buffered to large nonblocking doublebuffered.
[LOG] SystemI::createSoundInternal             :     done.  OpenState now = FMOD_OPENSTATE_READY.

[LOG] AsyncThread::threadFunc                  : Finished Asynchronous operation on sound 000000002608F8E8
[LOG] SoundI::getSubSound                      : sound 000000002608F8E8.  Subsound index 0 / 1
[LOG] SystemI::createSound                     : filename = KidAndBotFmod\KidAndBot\Build\Desktop/Master Bank.bank : mode 02010082
[LOG] SystemI::createSound                     : FMOD_NONBLOCKING specified.  Putting into queue to be opened asynchronously!
[LOG] SystemI::createSound                     : setdata soundi = 000000002608FF68 : node = 00000000283CFD80
[LOG] SystemI::createSound                     : add node to async list : head = 00000000281C8738.  list count = 0
[LOG] AsyncThread::threadFunc                  : Starting Asynchronous operation on sound 000000002608FF68
[LOG] SystemI::createSoundInternal             :     filename = KidAndBotFmod\KidAndBot\Build\Desktop/Master Bank.bank : mode 02010082
[LOG] SystemI::createSoundInternal             :     exinfo->cbsize             = 232
[LOG] SystemI::createSoundInternal             :     exinfo->length             = 224224
[LOG] SystemI::createSoundInternal             :     exinfo->fileoffset         = 10464
[LOG] SystemI::createSoundInternal             :     exinfo->numsubsounds       = 1
[LOG] SystemI::createSoundInternal             :     exinfo->inclusionlist      = 00000000283CFE98
[LOG] SystemI::createSoundInternal             :     exinfo->inclusionlistnum   = 1
[LOG] SystemI::createSoundInternal             :     exinfo->suggestedsoundtype = 5
[LOG] SystemI::createSoundInternal             :     exinfo->initialseekposition = 8800
[LOG] SystemI::createSoundInternal             :     exinfo->initialseekpostype = 1
[LOG] SystemI::createSoundInternal             :     Format has 1 subsounds.
[LOG] SystemI::createSoundInternal             :     Create as FMOD_CREATESTREAM
[LOG] System::createSoundInternal              :     decode buffersize = 19200 : blocksize = 256 : format = 2
[LOG] SystemI::createSample                    :     mode 02010082 length 19200 samples, lengthbytes 223936
[LOG] SystemI::createSample                    :     channels = 2
[LOG] SystemI::createSample                    :     output = 0000000028C06CA8
[LOG] OutputSoftware::createSample             :     lengthpcm 19200, lengthbytes 223936, channels 2, format 2, freq 48000, mode 0201008a
[LOG] System::createSoundInternal              :     1 subsounds detected.
[LOG] System::createSoundInternal              :     Seek stream to start
[LOG] System::createSoundInternal              :     flush stream buffer
[LOG] System::createSoundInternal              :     flush successful.
[LOG] System::createSoundInternal              :     switch file handle from small blocking single buffered to large nonblocking doublebuffered.
[LOG] SystemI::createSoundInternal             :     done.  OpenState now = FMOD_OPENSTATE_READY.

[LOG] AsyncThread::threadFunc                  : Finished Asynchronous operation on sound 000000002608FF68
[LOG] SoundI::release                          : 192365__jamesrodavidson__dinosaur-footsteps-01 (0000000026090788)
[LOG] SoundI::release                          : remove stream samples. (0000000026090788)
[LOG] SoundI::release                          :     192365__jamesrodavidson__dinosaur-footsteps-01 (0000000028C57CE8)
[LOG] SoundI::release                          : release subsounds. (0000000026090788)
[LOG] SoundI::release                          :     192365__jamesrodavidson__dinosaur-footsteps-01 (000000002608F5A8)
[LOG] SoundI::release                          : release codec. (0000000026090788)
[LOG] SoundI::getSubSound                      : sound 000000002608FF68.  Subsound index 0 / 1
[LOG] SystemI::createSound                     : filename = KidAndBotFmod\KidAndBot\Build\Desktop/Master Bank.bank : mode 02010082
[LOG] SystemI::createSound                     : FMOD_NONBLOCKING specified.  Putting into queue to be opened asynchronously!
[LOG] SystemI::createSound                     : setdata soundi = 000000002608FDC8 : node = 00000000283CF840
[LOG] SystemI::createSound                     : add node to async list : head = 00000000281C8738.  list count = 0
[LOG] AsyncThread::threadFunc                  : Starting Asynchronous operation on sound 000000002608FDC8
[LOG] SystemI::createSoundInternal             :     filename = KidAndBotFmod\KidAndBot\Build\Desktop/Master Bank.bank : mode 02010082
[LOG] SystemI::createSoundInternal             :     exinfo->cbsize             = 232
[LOG] SystemI::createSoundInternal             :     exinfo->length             = 224224
[LOG] SystemI::createSoundInternal             :     exinfo->fileoffset         = 10464
[LOG] SystemI::createSoundInternal             :     exinfo->numsubsounds       = 1
[LOG] SystemI::createSoundInternal             :     exinfo->inclusionlist      = 00000000283CF958
[LOG] SystemI::createSoundInternal             :     exinfo->inclusionlistnum   = 1
[LOG] SystemI::createSoundInternal             :     exinfo->suggestedsoundtype = 5
[LOG] SystemI::createSoundInternal             :     exinfo->initialseekposition = 8800
[LOG] SystemI::createSoundInternal             :     exinfo->initialseekpostype = 1
[LOG] SystemI::createSoundInternal             :     Format has 1 subsounds.
[LOG] SystemI::createSoundInternal             :     Create as FMOD_CREATESTREAM
[LOG] System::createSoundInternal              :     decode buffersize = 19200 : blocksize = 256 : format = 2
[LOG] SystemI::createSample                    :     mode 02010082 length 19200 samples, lengthbytes 223936
[LOG] SystemI::createSample                    :     channels = 2
[LOG] SystemI::createSample                    :     output = 0000000028C06CA8
[LOG] OutputSoftware::createSample             :     lengthpcm 19200, lengthbytes 223936, channels 2, format 2, freq 48000, mode 0201008a
[LOG] System::createSoundInternal              :     1 subsounds detected.
[LOG] System::createSoundInternal              :     Seek stream to start
[LOG] System::createSoundInternal              :     flush stream buffer
[LOG] System::createSoundInternal              :     flush successful.
[LOG] System::createSoundInternal              :     switch file handle from small blocking single buffered to large nonblocking doublebuffered.
[LOG] SystemI::createSoundInternal             :     done.  OpenState now = FMOD_OPENSTATE_READY.

[LOG] AsyncThread::threadFunc                  : Finished Asynchronous operation on sound 000000002608FDC8
[LOG] SoundI::getSubSound                      : sound 000000002608FDC8.  Subsound index 0 / 1
[LOG] SoundI::release                          : 192365__jamesrodavidson__dinosaur-footsteps-01 (000000002608F748)
[LOG] SoundI::release                          : remove stream samples. (000000002608F748)
[LOG] SoundI::release                          :     192365__jamesrodavidson__dinosaur-footsteps-01 (0000000028981A88)
[LOG] SoundI::release                          : release subsounds. (000000002608F748)
[LOG] SoundI::release                          :     192365__jamesrodavidson__dinosaur-footsteps-01 (0000000026090E08)
[LOG] SoundI::release                          : release codec. (000000002608F748)
[LOG] SystemI::createSound                     : filename = KidAndBotFmod\KidAndBot\Build\Desktop/Master Bank.bank : mode 02010082
[LOG] SystemI::createSound                     : FMOD_NONBLOCKING specified.  Putting into queue to be opened asynchronously!
[LOG] SystemI::createSound                     : setdata soundi = 0000000026090788 : node = 00000000283CF990
[LOG] SystemI::createSound                     : add node to async list : head = 00000000281C8738.  list count = 0
[LOG] AsyncThread::threadFunc                  : Starting Asynchronous operation on sound 0000000026090788
[LOG] SystemI::createSoundInternal             :     filename = KidAndBotFmod\KidAndBot\Build\Desktop/Master Bank.bank : mode 02010082
[LOG] SystemI::createSoundInternal             :     exinfo->cbsize             = 232
[LOG] SystemI::createSoundInternal             :     exinfo->length             = 224224
[LOG] SystemI::createSoundInternal             :     exinfo->fileoffset         = 10464
[LOG] SystemI::createSoundInternal             :     exinfo->numsubsounds       = 1
[LOG] SystemI::createSoundInternal             :     exinfo->inclusionlist      = 00000000283CFAA8
[LOG] SystemI::createSoundInternal             :     exinfo->inclusionlistnum   = 1
[LOG] SystemI::createSoundInternal             :     exinfo->suggestedsoundtype = 5
[LOG] SystemI::createSoundInternal             :     exinfo->initialseekposition = 8800
[LOG] SystemI::createSoundInternal             :     exinfo->initialseekpostype = 1
[LOG] SystemI::createSoundInternal             :     Format has 1 subsounds.
[LOG] SystemI::createSoundInternal             :     Create as FMOD_CREATESTREAM
[LOG] System::createSoundInternal              :     decode buffersize = 19200 : blocksize = 256 : format = 2
[LOG] SystemI::createSample                    :     mode 02010082 length 19200 samples, lengthbytes 223936
[LOG] SystemI::createSample                    :     channels = 2
[LOG] SystemI::createSample                    :     output = 0000000028C06CA8
[LOG] OutputSoftware::createSample             :     lengthpcm 19200, lengthbytes 223936, channels 2, format 2, freq 48000, mode 0201008a
[LOG] System::createSoundInternal              :     1 subsounds detected.
[LOG] System::createSoundInternal              :     Seek stream to start
[LOG] System::createSoundInternal              :     flush stream buffer
[LOG] System::createSoundInternal              :     flush successful.
[LOG] System::createSoundInternal              :     switch file handle from small blocking single buffered to large nonblocking doublebuffered.
[LOG] SystemI::createSoundInternal             :     done.  OpenState now = FMOD_OPENSTATE_READY.

[LOG] AsyncThread::threadFunc                  : Finished Asynchronous operation on sound 0000000026090788
[LOG] SoundI::getSubSound                      : sound 0000000026090788.  Subsound index 0 / 1
[LOG] SystemI::createSound                     : filename = KidAndBotFmod\KidAndBot\Build\Desktop/Master Bank.bank : mode 02010082
[LOG] SystemI::createSound                     : FMOD_NONBLOCKING specified.  Putting into queue to be opened asynchronously!
[LOG] SystemI::createSound                     : setdata soundi = 000000002608F748 : node = 00000000283CFED0
[LOG] SystemI::createSound                     : add node to async list : head = 00000000281C8738.  list count = 0
[LOG] SoundI::release                          : 192365__jamesrodavidson__dinosaur-footsteps-01 (000000002608F8E8)
[LOG] SoundI::release                          : remove stream samples. (000000002608F8E8)
[LOG] AsyncThread::threadFunc                  :     Starting Asynchronous operation on sound 000000002608F748
[LOG] SoundI::release                          :     192365__jamesrodavidson__dinosaur-footsteps-01 (0000000028C587D8)
[LOG] SystemI::createSoundInternal             :         filename = KidAndBotFmod\KidAndBot\Build\Desktop/Master Bank.bank : mode 02010082
[LOG] SoundI::release                          :     release subsounds. (000000002608F8E8)
[LOG] SystemI::createSoundInternal             :     exinfo->cbsize             = 232
[LOG] SoundI::release                          :         192365__jamesrodavidson__dinosaur-footsteps-01 (000000002608FA88)
[LOG] SystemI::createSoundInternal             :         exinfo->length             = 224224
[LOG] SystemI::createSoundInternal             :     exinfo->fileoffset         = 10464
[LOG] SoundI::release                          :     release codec. (000000002608F8E8)
[LOG] SystemI::createSoundInternal             :     exinfo->numsubsounds       = 1
[LOG] SystemI::createSoundInternal             :     exinfo->inclusionlist      = 00000000283CFFE8
[LOG] SystemI::createSoundInternal             :     exinfo->inclusionlistnum   = 1
[LOG] SystemI::createSoundInternal             :     exinfo->suggestedsoundtype = 5
[LOG] SystemI::createSoundInternal             :     exinfo->initialseekposition = 8800
[LOG] SystemI::createSoundInternal             :     exinfo->initialseekpostype = 1
[LOG] SystemI::createSoundInternal             :     Format has 1 subsounds.
[LOG] SystemI::createSoundInternal             :     Create as FMOD_CREATESTREAM
[LOG] System::createSoundInternal              :     decode buffersize = 19200 : blocksize = 256 : format = 2
[LOG] SystemI::createSample                    :     mode 02010082 length 19200 samples, lengthbytes 223936
[LOG] SystemI::createSample                    :     channels = 2
[LOG] SystemI::createSample                    :     output = 0000000028C06CA8
[LOG] OutputSoftware::createSample             :     lengthpcm 19200, lengthbytes 223936, channels 2, format 2, freq 48000, mode 0201008a
[LOG] System::createSoundInternal              :     1 subsounds detected.
[LOG] System::createSoundInternal              :     Seek stream to start
[LOG] System::createSoundInternal              :     flush stream buffer
[LOG] System::createSoundInternal              :     flush successful.
[LOG] System::createSoundInternal              :     switch file handle from small blocking single buffered to large nonblocking doublebuffered.
[LOG] SystemI::createSoundInternal             :     done.  OpenState now = FMOD_OPENSTATE_READY.

[LOG] AsyncThread::threadFunc                  : Finished Asynchronous operation on sound 000000002608F748
[LOG] SoundI::getSubSound                      : sound 000000002608F748.  Subsound index 0 / 1
[LOG] SoundI::release                          : 192365__jamesrodavidson__dinosaur-footsteps-01 (000000002608FF68)
[LOG] SoundI::release                          : remove stream samples. (000000002608FF68)
[LOG] SoundI::release                          :     192365__jamesrodavidson__dinosaur-footsteps-01 (000000002897FB48)
[LOG] SoundI::release                          : release subsounds. (000000002608FF68)
[LOG] SoundI::release                          :     192365__jamesrodavidson__dinosaur-footsteps-01 (000000002608FC28)
[LOG] SoundI::release                          : release codec. (000000002608FF68)
[LOG] SoundI::release                          : 192365__jamesrodavidson__dinosaur-footsteps-01 (000000002608FDC8)
[LOG] SoundI::release                          : remove stream samples. (000000002608FDC8)
[LOG] SoundI::release                          :     192365__jamesrodavidson__dinosaur-footsteps-01 (0000000028982BB8)
[LOG] SoundI::release                          : release subsounds. (000000002608FDC8)
[LOG] SoundI::release                          :     192365__jamesrodavidson__dinosaur-footsteps-01 (000000002608F5A8)
[LOG] SoundI::release                          : release codec. (000000002608FDC8)
[LOG] SoundI::release                          : 192365__jamesrodavidson__dinosaur-footsteps-01 (0000000026090788)
[LOG] SoundI::release                          : remove stream samples. (0000000026090788)
[LOG] SoundI::release                          :     192365__jamesrodavidson__dinosaur-footsteps-01 (0000000028C57CE8)
[LOG] SoundI::release                          : release subsounds. (0000000026090788)
[LOG] SoundI::release                          :     192365__jamesrodavidson__dinosaur-footsteps-01 (0000000026090E08)
[LOG] SoundI::release                          : release codec. (0000000026090788)
[LOG] SoundI::release                          : 192365__jamesrodavidson__dinosaur-footsteps-01 (000000002608F748)
[LOG] SoundI::release                          : remove stream samples. (000000002608F748)
[LOG] SoundI::release                          :     192365__jamesrodavidson__dinosaur-footsteps-01 (0000000028981768)
[LOG] SoundI::release                          : release subsounds. (000000002608F748)
[LOG] SoundI::release                          :     192365__jamesrodavidson__dinosaur-footsteps-01 (000000002608FA88)
[LOG] SoundI::release                          : release codec. (000000002608F748)
[LOG] Thread::callback                         : * FMOD Studio update thread finished
[LOG] Thread::close                            : FMOD Studio update thread thread destroyed
[LOG] Thread::callback                         : * FMOD Studio bank load thread finished
[LOG] Thread::close                            : FMOD Studio bank load thread thread destroyed
[LOG] Profile::disconnectAll                   : Profiler disconnecting all clients
[LOG] Thread::callback                         : * FMOD Studio sample load thread finished
[LOG] Thread::close                            : FMOD Studio sample load thread thread destroyed
[LOG] LiveUpdate::release                      : 
[LOG] LiveUpdate::reset                        : Reset connection (reason Disconnected)
[LOG] SystemI::close                           : 
[LOG] SystemI::close                           : Stop all sounds
[LOG] Thread::callback                         : * FMOD stream thread finished
[LOG] Thread::close                            : FMOD stream thread thread destroyed
[LOG] SystemI::close                           : Stream thread destroyed
[LOG] Thread::callback                         : * FMOD mixer thread finished
[LOG] Thread::close                            : FMOD mixer thread thread destroyed
[LOG] SystemI::close                           : Free master channel group.
[LOG] SystemI::close                           : Remove 'master' sound group.
[LOG] SystemI::close                           : Free software output.
[LOG] SystemI::close                           : Free emulated output.
[LOG] SystemI::close                           : Free channel pool.
[LOG] SystemI::close                           : done.

[LOG] Thread::callback                         : * FMOD Studio bank load thread finished
[LOG] Thread::close                            : FMOD Studio bank load thread thread destroyed
[LOG] Thread::callback                         : * FMOD Studio sample load thread finished
[LOG] Thread::close                            : FMOD Studio sample load thread thread destroyed
[LOG] LiveUpdate::release                      : 
[LOG] LiveUpdate::reset                        : Reset connection (reason Disconnected)
[LOG] SystemI::close                           : 
[LOG] SystemI::close                           : Stop all sounds
[LOG] Thread::callback                         : * FMOD stream thread finished
[LOG] Thread::close                            : FMOD stream thread thread destroyed
[LOG] SystemI::close                           : Stream thread destroyed
[LOG] Thread::callback                         : * FMOD mixer thread finished
[LOG] Thread::close                            : FMOD mixer thread thread destroyed
[LOG] SystemI::close                           : Free master channel group.
[LOG] SystemI::close                           : Remove 'master' sound group.
[LOG] SystemI::close                           : Free software output.
[LOG] SystemI::close                           : Free emulated output.
[LOG] SystemI::close                           : Free channel pool.
[LOG] Thread::callback                         : * FMOD nonblocking thread (0) finished
[LOG] Thread::close                            : FMOD nonblocking thread (0) thread destroyed
[LOG] Thread::callback                         : * FMOD file thread finished
[LOG] Thread::close                            : FMOD file thread thread destroyed
[LOG] SystemI::close                           : done.

[LOG] System::create                           : Header version = 1.08.14. Current version = 1.08.14.
